2024-10-22 20:33:00,996 [INFO] Activator:176 - 


2024-10-22 20:33:01,007 [INFO] Activator:177 - !SESSION log4j initialized
2024-10-22 20:33:09,694 [INFO] LogOutputStream:77 - [STDOUT_REDIRECT] 
2024-10-22 20:33:10,941 [INFO] ApplicationProperties:184 - Using Application install path: C:\ST\STM32CubeIDE_1.15.0\STM32CubeIDE\plugins\com.st.stm32cube.common.mx_6.11.0.202403141607
2024-10-22 20:33:10,975 [INFO] DbMcusXml:78 - Set database path to: C:\ST\STM32CubeIDE_1.15.0\STM32CubeIDE\plugins\com.st.stm32cube.common.mx_6.11.0.202403141607\\db\/mcu/
2024-10-22 20:33:10,975 [INFO] ApiDb:274 - Set plugin database path to: C:\ST\STM32CubeIDE_1.15.0\STM32CubeIDE\plugins\com.st.stm32cube.common.mx_6.11.0.202403141607\\db\/plugins/boardmanager/
2024-10-22 20:33:10,976 [WARN] ApiDb:259 - Overriding images path with different value:  => C:\ST\STM32CubeIDE_1.15.0\STM32CubeIDE\plugins\com.st.stm32cube.common.mx_6.11.0.202403141607\\db\/plugins/mcufinder/images/
2024-10-22 20:33:10,986 [INFO] ApiDb:250 - Set database path to: C:\Users\Sandip\.stmcufinder\plugins\mcufinder//mcu/
2024-10-22 20:33:10,988 [INFO] DbMcusAds:125 - Set database path to: C:\Users\Sandip\.stmcufinder\plugins\mcufinder//mcu/
2024-10-22 20:33:10,992 [INFO] CrossReferenceDbSqlite:203 - Set database path to: C:\Users\Sandip\.stmcufinder\plugins\mcufinder//mcu/cs/
2024-10-22 20:33:11,181 [INFO] RulesReader:64 - Compatibility file has been processed (297 Rules)
2024-10-22 20:33:11,305 [INFO] DbMcusXml:78 - Set database path to: C:\ST\STM32CubeIDE_1.15.0\STM32CubeIDE\plugins\com.st.stm32cube.common.mx_6.11.0.202403141607\\db\/mcu/
2024-10-22 20:33:11,305 [INFO] ApiDb:274 - Set plugin database path to: C:\ST\STM32CubeIDE_1.15.0\STM32CubeIDE\plugins\com.st.stm32cube.common.mx_6.11.0.202403141607\\db\/plugins/boardmanager/
2024-10-22 20:33:11,306 [INFO] ApiDb:261 - Set plugin images path to: C:\ST\STM32CubeIDE_1.15.0\STM32CubeIDE\plugins\com.st.stm32cube.common.mx_6.11.0.202403141607\\db\/plugins/mcufinder/images/
2024-10-22 20:33:11,306 [WARN] DbFile:41 - Overriding database path with different value: C:\Users\Sandip\.stmcufinder\plugins\mcufinder/ => C:\Users\Sandip\.stmcufinder\plugins\mcufinder
2024-10-22 20:33:11,306 [INFO] ApiDb:250 - Set database path to: C:\Users\Sandip\.stmcufinder\plugins\mcufinder//mcu/
2024-10-22 20:33:11,306 [WARN] DbFile:41 - Overriding database path with different value: C:\Users\Sandip\.stmcufinder\plugins\mcufinder/ => C:\Users\Sandip\.stmcufinder\plugins\mcufinder
2024-10-22 20:33:11,307 [INFO] DbMcusAds:125 - Set database path to: C:\Users\Sandip\.stmcufinder\plugins\mcufinder//mcu/
2024-10-22 20:33:11,307 [WARN] DbFile:41 - Overriding database path with different value: C:\Users\Sandip\.stmcufinder\plugins\mcufinder/ => C:\Users\Sandip\.stmcufinder\plugins\mcufinder
2024-10-22 20:33:11,307 [WARN] DbFile:41 - Overriding database path with different value: C:\Users\Sandip\.stmcufinder\plugins\mcufinder/ => C:\Users\Sandip\.stmcufinder\plugins\mcufinder
2024-10-22 20:33:11,307 [INFO] CrossReferenceDbSqlite:203 - Set database path to: C:\Users\Sandip\.stmcufinder\plugins\mcufinder//mcu/cs/
2024-10-22 20:33:11,430 [INFO] MainPanel:264 - HeapMemory: 268435456
2024-10-22 20:33:11,557 [INFO] DbMcusXml:78 - Set database path to: C:\ST\STM32CubeIDE_1.15.0\STM32CubeIDE\plugins\com.st.stm32cube.common.mx_6.11.0.202403141607\\db\/mcu/
2024-10-22 20:33:11,557 [INFO] ApiDb:274 - Set plugin database path to: C:\ST\STM32CubeIDE_1.15.0\STM32CubeIDE\plugins\com.st.stm32cube.common.mx_6.11.0.202403141607\\db\/plugins/boardmanager/
2024-10-22 20:33:11,558 [INFO] ApiDb:261 - Set plugin images path to: C:\ST\STM32CubeIDE_1.15.0\STM32CubeIDE\plugins\com.st.stm32cube.common.mx_6.11.0.202403141607\\db\/plugins/mcufinder/images/
2024-10-22 20:33:11,558 [WARN] DbFile:41 - Overriding database path with different value: C:\Users\Sandip\.stmcufinder\plugins\mcufinder/ => C:\Users\Sandip\.stmcufinder\plugins\mcufinder
2024-10-22 20:33:11,558 [INFO] ApiDb:250 - Set database path to: C:\Users\Sandip\.stmcufinder\plugins\mcufinder//mcu/
2024-10-22 20:33:11,558 [WARN] DbFile:41 - Overriding database path with different value: C:\Users\Sandip\.stmcufinder\plugins\mcufinder/ => C:\Users\Sandip\.stmcufinder\plugins\mcufinder
2024-10-22 20:33:11,558 [INFO] DbMcusAds:125 - Set database path to: C:\Users\Sandip\.stmcufinder\plugins\mcufinder//mcu/
2024-10-22 20:33:11,559 [WARN] DbFile:41 - Overriding database path with different value: C:\Users\Sandip\.stmcufinder\plugins\mcufinder/ => C:\Users\Sandip\.stmcufinder\plugins\mcufinder
2024-10-22 20:33:11,559 [WARN] DbFile:41 - Overriding database path with different value: C:\Users\Sandip\.stmcufinder\plugins\mcufinder/ => C:\Users\Sandip\.stmcufinder\plugins\mcufinder
2024-10-22 20:33:11,559 [INFO] CrossReferenceDbSqlite:203 - Set database path to: C:\Users\Sandip\.stmcufinder\plugins\mcufinder//mcu/cs/
2024-10-22 20:33:11,589 [INFO] ApplicationProperties:184 - Using Application install path: C:\ST\STM32CubeIDE_1.15.0\STM32CubeIDE\plugins\com.st.stm32cube.common.mx_6.11.0.202403141607
2024-10-22 20:33:11,591 [INFO] PluginManage:196 - Search for loadable plugins [exclusion list=, ]
2024-10-22 20:33:11,592 [INFO] PluginManage:310 - Check plugin analytics
2024-10-22 20:33:11,903 [INFO] AnalyticsPlugin:253 - Accepted Software Licenses: STM32CubeMX.6.11.0
2024-10-22 20:33:11,903 [INFO] AnalyticsPlugin:255 - Accepted CMSIS Pack Licenses: 
2024-10-22 20:33:11,904 [INFO] AnalyticsPlugin:257 - Accepted Firmware Licenses: FW.F4.1.28.0
2024-10-22 20:33:11,909 [INFO] PluginManage:359 - Loaded plugin analytics (category:tool,tabindex:-1)
2024-10-22 20:33:11,911 [INFO] PluginManage:310 - Check plugin cadmodel
2024-10-22 20:33:11,916 [INFO] CADModel:105 - Init CAD model plugin
2024-10-22 20:33:11,917 [INFO] PluginManage:359 - Loaded plugin cadmodel (category:power,tabindex:5)
2024-10-22 20:33:11,917 [INFO] PluginManage:310 - Check plugin clock
2024-10-22 20:33:11,932 [INFO] PluginManage:359 - Loaded plugin clock (category:base,tabindex:2)
2024-10-22 20:33:11,932 [INFO] PluginManage:310 - Check plugin ddr
2024-10-22 20:33:11,936 [INFO] PluginManage:359 - Loaded plugin ddr (category:tool,tabindex:6)
2024-10-22 20:33:11,936 [INFO] PluginManage:310 - Check plugin filemanager
2024-10-22 20:33:12,187 [INFO] PluginManage:359 - Loaded plugin filemanager (category:base,tabindex:10)
2024-10-22 20:33:12,188 [INFO] PluginManage:310 - Check plugin ipmanager
2024-10-22 20:33:12,201 [INFO] PluginManage:359 - Loaded plugin ipmanager (category:base,tabindex:5)
2024-10-22 20:33:12,202 [INFO] PluginManage:310 - Check plugin lpbam
2024-10-22 20:33:12,217 [INFO] PluginManage:359 - Loaded plugin lpbam (category:base,tabindex:0)
2024-10-22 20:33:12,217 [INFO] PluginManage:310 - Check plugin memorymap
2024-10-22 20:33:12,237 [INFO] PluginManage:359 - Loaded plugin memorymap (category:base,tabindex:4)
2024-10-22 20:33:12,238 [INFO] PluginManage:310 - Check plugin pinoutandconfiguration
2024-10-22 20:33:12,250 [INFO] PluginManage:359 - Loaded plugin pinoutandconfiguration (category:base,tabindex:1)
2024-10-22 20:33:12,250 [INFO] PluginManage:310 - Check plugin pinoutconfig
2024-10-22 20:33:12,426 [WARN] SupportedApi:132 - Cannot load RTOS API schema: s4s-elt-must-match.1: The content of 'definitions' must match (annotation?, (simpleType | complexType)?, (unique | key | keyref)*)). A problem was found starting at: attribute.
2024-10-22 20:33:12,624 [INFO] PluginManage:359 - Loaded plugin pinoutconfig (category:base,tabindex:0)
2024-10-22 20:33:12,624 [INFO] PluginManage:310 - Check plugin power
2024-10-22 20:33:12,636 [INFO] PluginManage:359 - Loaded plugin power (category:power,tabindex:4)
2024-10-22 20:33:12,637 [INFO] PluginManage:310 - Check plugin projectmanager
2024-10-22 20:33:12,659 [INFO] PluginManage:359 - Loaded plugin projectmanager (category:projectmanager,tabindex:3)
2024-10-22 20:33:12,660 [INFO] PluginManage:310 - Check plugin thirdparty
2024-10-22 20:33:12,853 [INFO] PluginManage:359 - Loaded plugin thirdparty (category:base,tabindex:-1)
2024-10-22 20:33:12,853 [INFO] PluginManage:310 - Check plugin tools
2024-10-22 20:33:12,853 [WARN] IntegrityCheckThread:84 - waiting for thirdparty lock release [integrity check]
2024-10-22 20:33:12,854 [INFO] IntegrityCheckThread:86 - entering critical section [integrity check]
2024-10-22 20:33:12,854 [INFO] ThirdPartyUpdaterWithRetryManager:70 - Updater plugin not ready yet. [1/15]
2024-10-22 20:33:12,857 [INFO] PluginManage:359 - Loaded plugin tools (category:base,tabindex:7)
2024-10-22 20:33:12,857 [INFO] PluginManage:310 - Check plugin tutovideos
2024-10-22 20:33:13,097 [INFO] PluginManage:359 - Loaded plugin tutovideos (category:base,tabindex:-1)
2024-10-22 20:33:13,097 [INFO] PluginManage:310 - Check plugin updater
2024-10-22 20:33:13,114 [INFO] PluginManage:359 - Loaded plugin updater (category:base,tabindex:12)
2024-10-22 20:33:13,114 [INFO] PluginManage:310 - Check plugin userauth
2024-10-22 20:33:13,121 [INFO] UserAuth:114 - Init User Auth plugin
2024-10-22 20:33:13,121 [INFO] PluginManage:359 - Loaded plugin userauth (category:base,tabindex:14)
2024-10-22 20:33:13,122 [INFO] PluginManage:283 - PluginManage : Loaded plugins [17]
2024-10-22 20:33:13,422 [INFO] PinOutPanel:1561 - setPackage(No Configuration,No Configuration)
2024-10-22 20:33:13,522 [INFO] CADModel:165 - CPN selected for project level
2024-10-22 20:33:13,522 [INFO] CADModel:114 - Register for checkConnection events
2024-10-22 20:33:13,539 [INFO] IPUIPlugin:80 - create IPUIPlugin
2024-10-22 20:33:13,540 [INFO] PluginManager:220 - loadIPPluginJar : add adc
2024-10-22 20:33:13,542 [INFO] IPUIPlugin:80 - create IPUIPlugin
2024-10-22 20:33:13,542 [INFO] PluginManager:220 - loadIPPluginJar : add aes
2024-10-22 20:33:13,545 [INFO] IPUIPlugin:80 - create IPUIPlugin
2024-10-22 20:33:13,546 [INFO] PluginManager:220 - loadIPPluginJar : add can
2024-10-22 20:33:13,548 [INFO] IPUIPlugin:80 - create IPUIPlugin
2024-10-22 20:33:13,548 [INFO] PluginManager:220 - loadIPPluginJar : add comp
2024-10-22 20:33:13,551 [INFO] IPUIPlugin:80 - create IPUIPlugin
2024-10-22 20:33:13,552 [INFO] PluginManager:220 - loadIPPluginJar : add cryp
2024-10-22 20:33:13,554 [INFO] IPUIPlugin:80 - create IPUIPlugin
2024-10-22 20:33:13,555 [INFO] PluginManager:220 - loadIPPluginJar : add dfsdm
2024-10-22 20:33:13,562 [INFO] IPUIPlugin:80 - create IPUIPlugin
2024-10-22 20:33:13,562 [INFO] PluginManager:220 - loadIPPluginJar : add dma
2024-10-22 20:33:13,565 [INFO] IPUIPlugin:80 - create IPUIPlugin
2024-10-22 20:33:13,565 [INFO] PluginManager:220 - loadIPPluginJar : add dma3
2024-10-22 20:33:13,570 [INFO] IPUIPlugin:80 - create IPUIPlugin
2024-10-22 20:33:13,570 [INFO] PluginManager:220 - loadIPPluginJar : add extmemmanager
2024-10-22 20:33:13,572 [INFO] IPUIPlugin:80 - create IPUIPlugin
2024-10-22 20:33:13,572 [INFO] PluginManager:220 - loadIPPluginJar : add fatfs
2024-10-22 20:33:13,577 [INFO] IPUIPlugin:80 - create IPUIPlugin
2024-10-22 20:33:13,578 [INFO] PluginManager:220 - loadIPPluginJar : add fmc
2024-10-22 20:33:13,584 [INFO] IPUIPlugin:80 - create IPUIPlugin
2024-10-22 20:33:13,584 [INFO] PluginManager:220 - loadIPPluginJar : add freertos
2024-10-22 20:33:13,587 [INFO] IPUIPlugin:80 - create IPUIPlugin
2024-10-22 20:33:13,587 [INFO] PluginManager:220 - loadIPPluginJar : add genericplugin
2024-10-22 20:33:13,590 [INFO] IPUIPlugin:80 - create IPUIPlugin
2024-10-22 20:33:13,590 [INFO] PluginManager:220 - loadIPPluginJar : add gfxmmu
2024-10-22 20:33:13,595 [INFO] IPUIPlugin:80 - create IPUIPlugin
2024-10-22 20:33:13,595 [INFO] PluginManager:220 - loadIPPluginJar : add gic
2024-10-22 20:33:13,599 [INFO] IPUIPlugin:80 - create IPUIPlugin
2024-10-22 20:33:13,600 [INFO] PluginManager:220 - loadIPPluginJar : add gpio
2024-10-22 20:33:13,604 [INFO] IPUIPlugin:80 - create IPUIPlugin
2024-10-22 20:33:13,604 [INFO] PluginManager:220 - loadIPPluginJar : add gtzc
2024-10-22 20:33:13,606 [INFO] IPUIPlugin:80 - create IPUIPlugin
2024-10-22 20:33:13,606 [INFO] PluginManager:220 - loadIPPluginJar : add hash
2024-10-22 20:33:13,609 [INFO] IPUIPlugin:80 - create IPUIPlugin
2024-10-22 20:33:13,609 [INFO] PluginManager:220 - loadIPPluginJar : add i2c
2024-10-22 20:33:13,611 [INFO] IPUIPlugin:80 - create IPUIPlugin
2024-10-22 20:33:13,611 [INFO] PluginManager:220 - loadIPPluginJar : add i2s
2024-10-22 20:33:13,614 [INFO] IPUIPlugin:80 - create IPUIPlugin
2024-10-22 20:33:13,614 [INFO] PluginManager:220 - loadIPPluginJar : add i3c
2024-10-22 20:33:13,618 [INFO] IPUIPlugin:80 - create IPUIPlugin
2024-10-22 20:33:13,618 [INFO] PluginManager:220 - loadIPPluginJar : add ipddr
2024-10-22 20:33:13,626 [INFO] IPUIPlugin:80 - create IPUIPlugin
2024-10-22 20:33:13,627 [INFO] PluginManager:220 - loadIPPluginJar : add linkedlist
2024-10-22 20:33:13,630 [INFO] IPUIPlugin:80 - create IPUIPlugin
2024-10-22 20:33:13,630 [INFO] PluginManager:220 - loadIPPluginJar : add lorawan
2024-10-22 20:33:13,632 [INFO] IPUIPlugin:80 - create IPUIPlugin
2024-10-22 20:33:13,632 [INFO] PluginManager:220 - loadIPPluginJar : add ltdc
2024-10-22 20:33:13,641 [INFO] IPUIPlugin:80 - create IPUIPlugin
2024-10-22 20:33:13,641 [INFO] PluginManager:220 - loadIPPluginJar : add mdma
2024-10-22 20:33:13,645 [INFO] IPUIPlugin:80 - create IPUIPlugin
2024-10-22 20:33:13,645 [INFO] PluginManager:220 - loadIPPluginJar : add nvic
2024-10-22 20:33:13,648 [INFO] IPUIPlugin:80 - create IPUIPlugin
2024-10-22 20:33:13,648 [INFO] PluginManager:220 - loadIPPluginJar : add opamp
2024-10-22 20:33:13,653 [INFO] IPUIPlugin:80 - create IPUIPlugin
2024-10-22 20:33:13,653 [INFO] PluginManager:220 - loadIPPluginJar : add openamp
2024-10-22 20:33:13,658 [INFO] IPUIPlugin:80 - create IPUIPlugin
2024-10-22 20:33:13,658 [INFO] PluginManager:220 - loadIPPluginJar : add pdm2pcm
2024-10-22 20:33:13,665 [INFO] IPUIPlugin:80 - create IPUIPlugin
2024-10-22 20:33:13,669 [INFO] PluginManager:220 - loadIPPluginJar : add plateformsettings
2024-10-22 20:33:13,672 [INFO] IPUIPlugin:80 - create IPUIPlugin
2024-10-22 20:33:13,673 [INFO] PluginManager:220 - loadIPPluginJar : add quadspi
2024-10-22 20:33:13,677 [INFO] IPUIPlugin:80 - create IPUIPlugin
2024-10-22 20:33:13,678 [INFO] PluginManager:220 - loadIPPluginJar : add resmgrutility
2024-10-22 20:33:13,682 [INFO] IPUIPlugin:80 - create IPUIPlugin
2024-10-22 20:33:13,682 [INFO] PluginManager:220 - loadIPPluginJar : add sai
2024-10-22 20:33:13,686 [INFO] IPUIPlugin:80 - create IPUIPlugin
2024-10-22 20:33:13,686 [INFO] PluginManager:220 - loadIPPluginJar : add spi
2024-10-22 20:33:13,694 [INFO] IPUIPlugin:80 - create IPUIPlugin
2024-10-22 20:33:13,694 [INFO] PluginManager:220 - loadIPPluginJar : add stm32_wpan
2024-10-22 20:33:13,696 [INFO] IPUIPlugin:80 - create IPUIPlugin
2024-10-22 20:33:13,697 [INFO] PluginManager:220 - loadIPPluginJar : add tim
2024-10-22 20:33:13,701 [INFO] IPUIPlugin:80 - create IPUIPlugin
2024-10-22 20:33:13,701 [INFO] PluginManager:220 - loadIPPluginJar : add touchsensing
2024-10-22 20:33:13,704 [INFO] IPUIPlugin:80 - create IPUIPlugin
2024-10-22 20:33:13,704 [INFO] PluginManager:220 - loadIPPluginJar : add tracer_emb
2024-10-22 20:33:13,707 [INFO] IPUIPlugin:80 - create IPUIPlugin
2024-10-22 20:33:13,708 [INFO] PluginManager:220 - loadIPPluginJar : add ts
2024-10-22 20:33:13,711 [INFO] IPUIPlugin:80 - create IPUIPlugin
2024-10-22 20:33:13,711 [INFO] PluginManager:220 - loadIPPluginJar : add tsc
2024-10-22 20:33:13,714 [INFO] IPUIPlugin:80 - create IPUIPlugin
2024-10-22 20:33:13,714 [INFO] PluginManager:220 - loadIPPluginJar : add ucpd
2024-10-22 20:33:13,718 [INFO] IPUIPlugin:80 - create IPUIPlugin
2024-10-22 20:33:13,718 [INFO] PluginManager:220 - loadIPPluginJar : add usart
2024-10-22 20:33:13,722 [INFO] IPUIPlugin:80 - create IPUIPlugin
2024-10-22 20:33:13,722 [INFO] PluginManager:220 - loadIPPluginJar : add usbx
2024-10-22 20:33:13,887 [INFO] CADModel:165 - CPN selected for project level
2024-10-22 20:33:13,887 [INFO] CADModel:114 - Register for checkConnection events
2024-10-22 20:33:13,888 [FATAL] Updater:308 - Updater called before beeing initialized
2024-10-22 20:33:13,888 [ERROR] CADModel:125 - Updater not yet initialized, retry later 
2024-10-22 20:33:14,084 [INFO] CADModel:165 - CPN selected for project level
2024-10-22 20:33:14,084 [INFO] CADModel:114 - Register for checkConnection events
2024-10-22 20:33:14,085 [FATAL] Updater:308 - Updater called before beeing initialized
2024-10-22 20:33:14,085 [ERROR] CADModel:125 - Updater not yet initialized, retry later 
2024-10-22 20:33:14,088 [FATAL] Updater:308 - Updater called before beeing initialized
2024-10-22 20:33:14,250 [FATAL] Updater:308 - Updater called before beeing initialized
2024-10-22 20:33:14,255 [INFO] DbMcusAds:53 - JSON generation date=Fri Sep 20 18:34:23 IST 2024 (1726837463113)
2024-10-22 20:33:14,256 [FATAL] Updater:308 - Updater called before beeing initialized
2024-10-22 20:33:14,312 [WARN] DetailPanel:346 - Failed to get advertising image, set to default
2024-10-22 20:33:14,486 [FATAL] Updater:308 - Updater called before beeing initialized
2024-10-22 20:33:14,488 [FATAL] Updater:308 - Updater called before beeing initialized
2024-10-22 20:33:14,489 [FATAL] Updater:308 - Updater called before beeing initialized
2024-10-22 20:33:14,489 [WARN] DetailPanel:346 - Failed to get advertising image, set to default
2024-10-22 20:33:14,490 [FATAL] Updater:308 - Updater called before beeing initialized
2024-10-22 20:33:14,570 [ERROR] Updater:1120 - MainUpdater not yet initialized. External WinMGr cannot be set.
2024-10-22 20:33:14,574 [INFO] Updater:1056 - Updater Version found : 6.11.0
2024-10-22 20:33:14,603 [INFO] ApplicationProperties:184 - Using Application install path: C:\ST\STM32CubeIDE_1.15.0\STM32CubeIDE\plugins\com.st.stm32cube.common.mx_6.11.0.202403141607
2024-10-22 20:33:15,089 [INFO] MainUpdater:2873 - connection check result : 10
2024-10-22 20:33:15,091 [INFO] MainUpdater:290 - Updater Check For Update Now.
2024-10-22 20:33:15,091 [INFO] MicroXplorer:498 - Change Database Version : DB.6.0.110
2024-10-22 20:33:15,109 [INFO] McuFinderGlobals:63 - Set McuFinder mode to 2 (CubeIDE integrated)
2024-10-22 20:33:15,119 [INFO] UserAuth:415 - Internet connection configuration mode: 1
2024-10-22 20:33:15,146 [INFO] JxBrowserEngine:152 - Initiate JxBrowser Engine with user profile folder
2024-10-22 20:33:15,363 [INFO] CheckServerUpdateThread:120 - End of CheckServer Thread
2024-10-22 20:33:16,238 [INFO] WebApp:161 - Instantiating new browser for Auth
2024-10-22 20:33:16,303 [WARN] PackLoader:240 - Cannot read IP mode file for STMicroelectronics.FP-SNS-MOTENVWB1.1.4.0
2024-10-22 20:33:16,329 [WARN] PackLoader:240 - Cannot read IP mode file for STMicroelectronics.X-CUBE-SMBUS.2.1.0
2024-10-22 20:33:16,348 [WARN] PackLoader:240 - Cannot read IP mode file for STMicroelectronics.X-CUBE-WB05N.1.1.0
2024-10-22 20:33:16,359 [WARN] PackLoader:240 - Cannot read IP mode file for STMicroelectronics.X-CUBE-TOUCHGFX.4.23.2
2024-10-22 20:33:16,421 [WARN] PackLoader:240 - Cannot read IP mode file for STMicroelectronics.X-CUBE-AZRTOS-F7.1.1.0
2024-10-22 20:33:16,658 [WARN] PackLoader:240 - Cannot read IP mode file for STMicroelectronics.X-CUBE-MEMS1.11.0.0
2024-10-22 20:33:17,108 [WARN] PackLoader:240 - Cannot read IP mode file for STMicroelectronics.FP-SNS-FLIGHT1.5.0.2
2024-10-22 20:33:17,119 [WARN] PackLoader:240 - Cannot read IP mode file for STMicroelectronics.X-CUBE-DISPLAY.3.0.0
2024-10-22 20:33:17,134 [WARN] PackLoader:240 - Cannot read IP mode file for STMicroelectronics.X-CUBE-BLE1.7.0.0
2024-10-22 20:33:17,146 [WARN] PackLoader:240 - Cannot read IP mode file for STMicroelectronics.X-CUBE-NFC10.1.0.0
2024-10-22 20:33:17,159 [WARN] PackLoader:240 - Cannot read IP mode file for emotas.I-CUBE-CANOPEN.1.3.0
2024-10-22 20:33:17,177 [WARN] PackLoader:240 - Cannot read IP mode file for STMicroelectronics.X-CUBE-BLEMGR.3.1.0
2024-10-22 20:33:17,190 [WARN] PackLoader:240 - Cannot read IP mode file for STMicroelectronics.FP-SNS-SMARTAG2.1.2.0
2024-10-22 20:33:17,218 [INFO] LogOutputStream:77 - [STDOUT_REDIRECT] 1 : Invalid condition id : UX_CORESTACK_Condition cause : null
2024-10-22 20:33:17,219 [INFO] LogOutputStream:77 - [STDOUT_REDIRECT] 1 : Invalid condition id : UX_CORESTACK_Condition cause : null
2024-10-22 20:33:17,223 [INFO] LogOutputStream:77 - [STDOUT_REDIRECT] 1 : Invalid condition id : UX_CORESTACK_Condition cause : null
2024-10-22 20:33:17,226 [INFO] LogOutputStream:77 - [STDOUT_REDIRECT] 1 : Invalid condition id : UX_CORESTACK_Condition cause : null
2024-10-22 20:33:17,228 [INFO] LogOutputStream:77 - [STDOUT_REDIRECT] 1 : Invalid condition id : UX_CORESTACK_Condition cause : null
2024-10-22 20:33:17,236 [WARN] PackLoader:240 - Cannot read IP mode file for STMicroelectronics.X-CUBE-AZRTOS-WL.2.0.0
2024-10-22 20:33:17,245 [WARN] PackLoader:240 - Cannot read IP mode file for wolfSSL.I-CUBE-wolfMQTT.1.19.0
2024-10-22 20:33:17,259 [WARN] PackLoader:240 - Cannot read IP mode file for WES.I-CUBE-Cesium.1.3.0
2024-10-22 20:33:17,267 [WARN] PackLoader:240 - Cannot read IP mode file for STMicroelectronics.X-CUBE-BLE2.3.3.0
2024-10-22 20:33:17,278 [WARN] PackLoader:240 - Cannot read IP mode file for STMicroelectronics.X-CUBE-NFC9.1.0.0
2024-10-22 20:33:17,298 [WARN] PackLoader:240 - Cannot read IP mode file for STMicroelectronics.X-CUBE-ALGOBUILD.1.3.0
2024-10-22 20:33:17,327 [WARN] PackLoader:240 - Cannot read IP mode file for STMicroelectronics.X-CUBE-AZRTOS-G0.1.1.0
2024-10-22 20:33:17,341 [WARN] PackLoader:240 - Cannot read IP mode file for STMicroelectronics.X-CUBE-NFC4.3.0.0
2024-10-22 20:33:17,360 [WARN] PackLoader:240 - Cannot read IP mode file for EmbeddedOffice.I-CUBE-FS-RTOS.1.0.1
2024-10-22 20:33:17,361 [ERROR] ConditionMgr:805 - Attr not supported : Dmpu
2024-10-22 20:33:17,361 [ERROR] ConditionMgr:805 - Attr not supported : Dmpu
2024-10-22 20:33:17,361 [ERROR] ConditionMgr:805 - Attr not supported : Dmpu
2024-10-22 20:33:17,361 [ERROR] ConditionMgr:805 - Attr not supported : Dmpu
2024-10-22 20:33:17,361 [ERROR] ConditionMgr:805 - Attr not supported : Dmpu
2024-10-22 20:33:17,362 [ERROR] ConditionMgr:805 - Attr not supported : Dmpu
2024-10-22 20:33:17,362 [ERROR] ConditionMgr:805 - Attr not supported : Dmpu
2024-10-22 20:33:17,362 [ERROR] ConditionMgr:805 - Attr not supported : Dmpu
2024-10-22 20:33:17,362 [ERROR] ConditionMgr:805 - Attr not supported : Dmpu
2024-10-22 20:33:17,362 [ERROR] ConditionMgr:805 - Attr not supported : Dmpu
2024-10-22 20:33:17,362 [ERROR] ConditionMgr:805 - Attr not supported : Dmpu
2024-10-22 20:33:17,362 [ERROR] ConditionMgr:805 - Attr not supported : Dmpu
2024-10-22 20:33:17,363 [ERROR] ConditionMgr:805 - Attr not supported : Dmpu
2024-10-22 20:33:17,363 [ERROR] ConditionMgr:805 - Attr not supported : Dmpu
2024-10-22 20:33:17,363 [ERROR] ConditionMgr:805 - Attr not supported : Dmpu
2024-10-22 20:33:17,363 [ERROR] ConditionMgr:805 - Attr not supported : Dmpu
2024-10-22 20:33:17,363 [ERROR] ConditionMgr:805 - Attr not supported : Dmpu
2024-10-22 20:33:17,363 [ERROR] ConditionMgr:805 - Attr not supported : Dmpu
2024-10-22 20:33:17,363 [ERROR] ConditionMgr:805 - Attr not supported : Dmpu
2024-10-22 20:33:17,363 [ERROR] ConditionMgr:805 - Attr not supported : Dmpu
2024-10-22 20:33:17,364 [ERROR] ConditionMgr:805 - Attr not supported : Dmpu
2024-10-22 20:33:17,364 [ERROR] ConditionMgr:805 - Attr not supported : Dmpu
2024-10-22 20:33:17,364 [ERROR] ConditionMgr:805 - Attr not supported : Dmpu
2024-10-22 20:33:17,364 [ERROR] ConditionMgr:805 - Attr not supported : Dmpu
2024-10-22 20:33:17,364 [ERROR] ConditionMgr:805 - Attr not supported : Dmpu
2024-10-22 20:33:17,364 [ERROR] ConditionMgr:805 - Attr not supported : Dmpu
2024-10-22 20:33:17,364 [ERROR] ConditionMgr:805 - Attr not supported : Dmpu
2024-10-22 20:33:17,365 [ERROR] ConditionMgr:805 - Attr not supported : Dmpu
2024-10-22 20:33:17,365 [ERROR] ConditionMgr:805 - Attr not supported : Dmpu
2024-10-22 20:33:17,365 [ERROR] ConditionMgr:805 - Attr not supported : Dmpu
2024-10-22 20:33:17,365 [ERROR] ConditionMgr:805 - Attr not supported : Dmpu
2024-10-22 20:33:17,365 [ERROR] ConditionMgr:805 - Attr not supported : Dmpu
2024-10-22 20:33:17,365 [ERROR] ConditionMgr:805 - Attr not supported : Dmpu
2024-10-22 20:33:17,365 [ERROR] ConditionMgr:805 - Attr not supported : Dmpu
2024-10-22 20:33:17,365 [ERROR] ConditionMgr:805 - Attr not supported : Dmpu
2024-10-22 20:33:17,366 [ERROR] ConditionMgr:805 - Attr not supported : Dmpu
2024-10-22 20:33:17,366 [ERROR] ConditionMgr:805 - Attr not supported : Dmpu
2024-10-22 20:33:17,366 [ERROR] ConditionMgr:805 - Attr not supported : Dmpu
2024-10-22 20:33:17,366 [ERROR] ConditionMgr:805 - Attr not supported : Dmpu
2024-10-22 20:33:17,366 [ERROR] ConditionMgr:805 - Attr not supported : Dmpu
2024-10-22 20:33:17,367 [ERROR] ConditionMgr:805 - Attr not supported : Dmpu
2024-10-22 20:33:17,367 [ERROR] ConditionMgr:805 - Attr not supported : Dmpu
2024-10-22 20:33:17,367 [ERROR] ConditionMgr:805 - Attr not supported : Dmpu
2024-10-22 20:33:17,367 [ERROR] ConditionMgr:805 - Attr not supported : Dmpu
2024-10-22 20:33:17,367 [ERROR] ConditionMgr:805 - Attr not supported : Dmpu
2024-10-22 20:33:17,367 [ERROR] ConditionMgr:805 - Attr not supported : Dmpu
2024-10-22 20:33:17,367 [ERROR] ConditionMgr:805 - Attr not supported : Dmpu
2024-10-22 20:33:17,368 [ERROR] ConditionMgr:805 - Attr not supported : Dmpu
2024-10-22 20:33:17,368 [ERROR] ConditionMgr:805 - Attr not supported : Dmpu
2024-10-22 20:33:17,368 [ERROR] ConditionMgr:805 - Attr not supported : Dmpu
2024-10-22 20:33:17,368 [ERROR] ConditionMgr:805 - Attr not supported : Dmpu
2024-10-22 20:33:17,368 [ERROR] ConditionMgr:805 - Attr not supported : Dmpu
2024-10-22 20:33:17,368 [ERROR] ConditionMgr:805 - Attr not supported : Dmpu
2024-10-22 20:33:17,368 [ERROR] ConditionMgr:805 - Attr not supported : Dmpu
2024-10-22 20:33:17,368 [ERROR] ConditionMgr:805 - Attr not supported : Dmpu
2024-10-22 20:33:17,369 [ERROR] ConditionMgr:805 - Attr not supported : Dmpu
2024-10-22 20:33:17,369 [ERROR] ConditionMgr:805 - Attr not supported : Dmpu
2024-10-22 20:33:17,369 [ERROR] ConditionMgr:805 - Attr not supported : Dmpu
2024-10-22 20:33:17,369 [ERROR] ConditionMgr:805 - Attr not supported : Dmpu
2024-10-22 20:33:17,369 [ERROR] ConditionMgr:805 - Attr not supported : Dmpu
2024-10-22 20:33:17,369 [ERROR] ConditionMgr:805 - Attr not supported : Dmpu
2024-10-22 20:33:17,369 [ERROR] ConditionMgr:805 - Attr not supported : Dmpu
2024-10-22 20:33:17,370 [ERROR] ConditionMgr:805 - Attr not supported : Dmpu
2024-10-22 20:33:17,370 [ERROR] ConditionMgr:805 - Attr not supported : Dmpu
2024-10-22 20:33:17,379 [WARN] PackLoader:240 - Cannot read IP mode file for RealThread.X-CUBE-RT-Thread_Nano.4.1.1
2024-10-22 20:33:17,387 [WARN] PackLoader:240 - Cannot read IP mode file for STMicroelectronics.FP-ATR-SIGFOX1.3.2.0
2024-10-22 20:33:17,397 [WARN] PackLoader:240 - Cannot read IP mode file for STMicroelectronics.X-CUBE-EEPRMA1.5.1.0
2024-10-22 20:33:17,410 [WARN] PackLoader:240 - Cannot read IP mode file for ITTIA_DB.I-CUBE-ITTIADB.8.9.0
2024-10-22 20:33:17,472 [WARN] PackLoader:240 - Cannot read IP mode file for SEGGER.I-CUBE-embOS.1.3.1
2024-10-22 20:33:17,595 [WARN] PackLoader:240 - Cannot read IP mode file for STMicroelectronics.X-CUBE-ALGOBUILD.1.4.0
2024-10-22 20:33:17,603 [WARN] PackLoader:240 - Cannot read IP mode file for STMicroelectronics.X-CUBE-AI.9.1.0
2024-10-22 20:33:17,611 [WARN] PackLoader:240 - Cannot read IP mode file for STMicroelectronics.X-CUBE-GNSS1.6.0.0
2024-10-22 20:33:17,643 [WARN] PackLoader:240 - Cannot read IP mode file for STMicroelectronics.X-CUBE-AZRTOS-F4.1.1.0
2024-10-22 20:33:17,676 [WARN] PackLoader:240 - Cannot read IP mode file for STMicroelectronics.X-CUBE-ISPU.2.1.0
2024-10-22 20:33:17,685 [WARN] PackLoader:240 - Cannot read IP mode file for STMicroelectronics.X-CUBE-FREERTOS.1.2.0
2024-10-22 20:33:17,721 [WARN] PackLoader:240 - Cannot read IP mode file for STMicroelectronics.X-CUBE-AZRTOS-L5.2.0.0
2024-10-22 20:33:17,735 [WARN] PackLoader:240 - Cannot read IP mode file for STMicroelectronics.X-CUBE-DPower.1.2.0
2024-10-22 20:33:17,749 [WARN] PackLoader:240 - Cannot read IP mode file for STMicroelectronics.X-CUBE-AI.9.0.0
2024-10-22 20:33:17,753 [INFO] WebApp:779 - Register for checkConnection events
2024-10-22 20:33:17,753 [INFO] WebApp:414 - Apply proxy settings
2024-10-22 20:33:17,753 [INFO] WebApp:499 - Chromium requires no authentication
2024-10-22 20:33:17,758 [WARN] PackLoader:240 - Cannot read IP mode file for STMicroelectronics.X-CUBE-NFC7.1.0.1
2024-10-22 20:33:17,766 [WARN] PackLoader:240 - Cannot read IP mode file for wolfSSL.I-CUBE-wolfTPM.3.2.0
2024-10-22 20:33:17,779 [WARN] PackLoader:240 - Cannot read IP mode file for STMicroelectronics.X-CUBE-AI.8.1.0
2024-10-22 20:33:17,785 [INFO] WebApp:442 - Direct internet connection detected
2024-10-22 20:33:17,819 [WARN] ConditionMgr:438 - getConditionDescription Invalid condition id : LAN8742 Phy interface Condition cause : null
2024-10-22 20:33:17,821 [WARN] PackLoader:240 - Cannot read IP mode file for STMicroelectronics.X-CUBE-AZRTOS-L4.2.0.0
2024-10-22 20:33:17,824 [WARN] ConditionMgr:1039 - genDependencies : Invalid condition id : LAN8742 Phy interface Condition cause : null
2024-10-22 20:33:17,824 [WARN] ConditionMgr:1039 - genDependencies : Invalid condition id : LAN8742 Phy interface Condition cause : null
2024-10-22 20:33:17,826 [WARN] ConditionMgr:1039 - genDependencies : Invalid condition id : LAN8742 Phy interface Condition cause : null
2024-10-22 20:33:17,840 [WARN] PackLoader:240 - Cannot read IP mode file for STMicroelectronics.X-CUBE-SFXS2LP1.4.0.0
2024-10-22 20:33:17,887 [WARN] PackLoader:240 - Cannot read IP mode file for STMicroelectronics.X-CUBE-AZRTOS-H7.3.3.0
2024-10-22 20:33:17,917 [WARN] PackLoader:240 - Cannot read IP mode file for STMicroelectronics.X-CUBE-IPS.3.0.0
2024-10-22 20:33:17,964 [WARN] ConditionMgr:438 - getConditionDescription Invalid condition id : UX DEVICE CLASS RTOS Condition cause : null
2024-10-22 20:33:17,965 [WARN] ConditionMgr:438 - getConditionDescription Invalid condition id : UX DEVICE CLASS RTOS Condition cause : null
2024-10-22 20:33:17,969 [WARN] PackLoader:240 - Cannot read IP mode file for STMicroelectronics.X-CUBE-AZRTOS-WB.2.0.0
2024-10-22 20:33:17,970 [WARN] ConditionMgr:1039 - genDependencies : Invalid condition id : UX DEVICE CLASS RTOS Condition cause : null
2024-10-22 20:33:17,970 [WARN] ConditionMgr:1039 - genDependencies : Invalid condition id : UX DEVICE CLASS RTOS Condition cause : null
2024-10-22 20:33:17,971 [WARN] ConditionMgr:1039 - genDependencies : Invalid condition id : UX DEVICE CLASS RTOS Condition cause : null
2024-10-22 20:33:17,972 [WARN] ConditionMgr:1039 - genDependencies : Invalid condition id : UX DEVICE CLASS RTOS Condition cause : null
2024-10-22 20:33:17,972 [WARN] ConditionMgr:1039 - genDependencies : Invalid condition id : UX DEVICE CLASS RTOS Condition cause : null
2024-10-22 20:33:17,982 [WARN] PackLoader:240 - Cannot read IP mode file for STMicroelectronics.X-CUBE-GNSS1.7.0.0
2024-10-22 20:33:17,995 [WARN] PackLoader:240 - Cannot read IP mode file for STMicroelectronics.FP-SNS-STBOX1.2.0.0
2024-10-22 20:33:18,020 [WARN] PackLoader:240 - Cannot read IP mode file for STMicroelectronics.X-CUBE-SUBG2.5.0.0
2024-10-22 20:33:18,037 [WARN] PackLoader:240 - Cannot read IP mode file for Cesanta.I-CUBE-Mongoose.7.13.0
2024-10-22 20:33:18,064 [WARN] PackLoader:240 - Cannot read IP mode file for STMicroelectronics.X-CUBE-AZRTOS-G4.2.0.0
2024-10-22 20:33:18,073 [WARN] PackLoader:240 - Cannot read IP mode file for STMicroelectronics.FP-SNS-MOTENVWB1.1.3.1
2024-10-22 20:33:18,079 [WARN] PackLoader:240 - Cannot read IP mode file for STMicroelectronics.X-CUBE-ISPU.2.0.0
2024-10-22 20:33:18,087 [WARN] PackLoader:240 - Cannot read IP mode file for STMicroelectronics.X-CUBE-ALS.1.0.2
2024-10-22 20:33:18,163 [WARN] PackLoader:240 - Cannot read IP mode file for STMicroelectronics.X-CUBE-MEMS1.10.0.0
2024-10-22 20:33:18,314 [INFO] WebApp:192 - Starting web application
2024-10-22 20:33:18,314 [INFO] WebApp:544 - Web application path used C:\ST\STM32CubeIDE_1.15.0\STM32CubeIDE\plugins\com.st.stm32cube.common.mx_6.11.0.202403141607\db\plugins\mcufinder\reactClient1\index.html
2024-10-22 20:33:18,440 [WARN] PackLoader:240 - Cannot read IP mode file for STMicroelectronics.X-CUBE-FREERTOS.1.1.0
2024-10-22 20:33:18,444 [WARN] PackLoader:240 - Cannot read IP mode file for STMicroelectronics.X-CUBE-TOUCHGFX.4.24.0
2024-10-22 20:33:18,449 [WARN] PackLoader:240 - Cannot read IP mode file for STMicroelectronics.X-CUBE-TOUCHGFX.4.24.1
2024-10-22 20:33:18,459 [WARN] PackLoader:240 - Cannot read IP mode file for portGmbH.I-Cube-SoM-uGOAL.1.1.0
2024-10-22 20:33:18,464 [WARN] PackLoader:240 - Cannot read IP mode file for STMicroelectronics.X-CUBE-ALS.1.0.1
2024-10-22 20:33:18,502 [WARN] PackLoader:240 - Cannot read IP mode file for STMicroelectronics.X-CUBE-AZRTOS-H7RS.1.0.0
2024-10-22 20:33:18,512 [WARN] PackLoader:240 - Cannot read IP mode file for STMicroelectronics.FP-ATR-ASTRA1.2.0.0
2024-10-22 20:33:18,531 [WARN] PackLoader:240 - Cannot read IP mode file for STMicroelectronics.X-CUBE-TOF1.3.4.2
2024-10-22 20:33:18,567 [WARN] PackLoader:240 - Cannot read IP mode file for STMicroelectronics.X-CUBE-TOF1.3.4.1
2024-10-22 20:33:18,649 [WARN] PackLoader:240 - Cannot read IP mode file for STMicroelectronics.X-CUBE-AZRTOS-H7.3.2.0
2024-10-22 20:33:18,689 [WARN] PackLoader:240 - Cannot read IP mode file for Infineon.AIROC-Wi-Fi-Bluetooth-STM32.1.6.0
2024-10-22 20:33:18,707 [WARN] PackLoader:240 - Cannot read IP mode file for wolfSSL.I-CUBE-wolfSSH.1.4.17
2024-10-22 20:33:18,710 [INFO] ThirdParty:978 - Integrity check success = true
2024-10-22 20:33:18,711 [INFO] IntegrityCheckThread:100 - exiting critical section [integrity check]
2024-10-22 20:33:18,711 [INFO] IntegrityCheckThread:103 - End integrity checks thread
2024-10-22 20:41:50,638 [ERROR] LogOutputStream:75 - [STDERR_REDIRECT] 
