2024-11-06 00:01:44,519 [ERROR] LogOutputStream:75 - [STDERR_REDIRECT] 
2024-11-06 22:27:32,384 [INFO] Activator:176 - 


2024-11-06 22:27:32,388 [INFO] Activator:177 - !SESSION log4j initialized
2024-11-06 22:27:42,065 [INFO] LogOutputStream:77 - [STDOUT_REDIRECT] 
2024-11-06 22:27:44,545 [INFO] ApplicationProperties:184 - Using Application install path: C:\ST\STM32CubeIDE_1.15.0\STM32CubeIDE\plugins\com.st.stm32cube.common.mx_6.11.0.202403141607
2024-11-06 22:27:44,638 [INFO] DbMcusXml:78 - Set database path to: C:\ST\STM32CubeIDE_1.15.0\STM32CubeIDE\plugins\com.st.stm32cube.common.mx_6.11.0.202403141607\\db\/mcu/
2024-11-06 22:27:44,639 [INFO] ApiDb:274 - Set plugin database path to: C:\ST\STM32CubeIDE_1.15.0\STM32CubeIDE\plugins\com.st.stm32cube.common.mx_6.11.0.202403141607\\db\/plugins/boardmanager/
2024-11-06 22:27:44,639 [WARN] ApiDb:259 - Overriding images path with different value:  => C:\ST\STM32CubeIDE_1.15.0\STM32CubeIDE\plugins\com.st.stm32cube.common.mx_6.11.0.202403141607\\db\/plugins/mcufinder/images/
2024-11-06 22:27:44,718 [INFO] ApiDb:250 - Set database path to: C:\Users\Sandip\.stmcufinder\plugins\mcufinder//mcu/
2024-11-06 22:27:44,720 [INFO] DbMcusAds:125 - Set database path to: C:\Users\Sandip\.stmcufinder\plugins\mcufinder//mcu/
2024-11-06 22:27:44,724 [INFO] CrossReferenceDbSqlite:203 - Set database path to: C:\Users\Sandip\.stmcufinder\plugins\mcufinder//mcu/cs/
2024-11-06 22:27:45,076 [INFO] RulesReader:64 - Compatibility file has been processed (297 Rules)
2024-11-06 22:27:45,233 [INFO] DbMcusXml:78 - Set database path to: C:\ST\STM32CubeIDE_1.15.0\STM32CubeIDE\plugins\com.st.stm32cube.common.mx_6.11.0.202403141607\\db\/mcu/
2024-11-06 22:27:45,233 [INFO] ApiDb:274 - Set plugin database path to: C:\ST\STM32CubeIDE_1.15.0\STM32CubeIDE\plugins\com.st.stm32cube.common.mx_6.11.0.202403141607\\db\/plugins/boardmanager/
2024-11-06 22:27:45,233 [INFO] ApiDb:261 - Set plugin images path to: C:\ST\STM32CubeIDE_1.15.0\STM32CubeIDE\plugins\com.st.stm32cube.common.mx_6.11.0.202403141607\\db\/plugins/mcufinder/images/
2024-11-06 22:27:45,234 [WARN] DbFile:41 - Overriding database path with different value: C:\Users\Sandip\.stmcufinder\plugins\mcufinder/ => C:\Users\Sandip\.stmcufinder\plugins\mcufinder
2024-11-06 22:27:45,234 [INFO] ApiDb:250 - Set database path to: C:\Users\Sandip\.stmcufinder\plugins\mcufinder//mcu/
2024-11-06 22:27:45,234 [WARN] DbFile:41 - Overriding database path with different value: C:\Users\Sandip\.stmcufinder\plugins\mcufinder/ => C:\Users\Sandip\.stmcufinder\plugins\mcufinder
2024-11-06 22:27:45,234 [INFO] DbMcusAds:125 - Set database path to: C:\Users\Sandip\.stmcufinder\plugins\mcufinder//mcu/
2024-11-06 22:27:45,234 [WARN] DbFile:41 - Overriding database path with different value: C:\Users\Sandip\.stmcufinder\plugins\mcufinder/ => C:\Users\Sandip\.stmcufinder\plugins\mcufinder
2024-11-06 22:27:45,234 [WARN] DbFile:41 - Overriding database path with different value: C:\Users\Sandip\.stmcufinder\plugins\mcufinder/ => C:\Users\Sandip\.stmcufinder\plugins\mcufinder
2024-11-06 22:27:45,235 [INFO] CrossReferenceDbSqlite:203 - Set database path to: C:\Users\Sandip\.stmcufinder\plugins\mcufinder//mcu/cs/
2024-11-06 22:27:45,427 [INFO] MainPanel:264 - HeapMemory: 268435456
2024-11-06 22:27:45,626 [INFO] DbMcusXml:78 - Set database path to: C:\ST\STM32CubeIDE_1.15.0\STM32CubeIDE\plugins\com.st.stm32cube.common.mx_6.11.0.202403141607\\db\/mcu/
2024-11-06 22:27:45,626 [INFO] ApiDb:274 - Set plugin database path to: C:\ST\STM32CubeIDE_1.15.0\STM32CubeIDE\plugins\com.st.stm32cube.common.mx_6.11.0.202403141607\\db\/plugins/boardmanager/
2024-11-06 22:27:45,626 [INFO] ApiDb:261 - Set plugin images path to: C:\ST\STM32CubeIDE_1.15.0\STM32CubeIDE\plugins\com.st.stm32cube.common.mx_6.11.0.202403141607\\db\/plugins/mcufinder/images/
2024-11-06 22:27:45,627 [WARN] DbFile:41 - Overriding database path with different value: C:\Users\Sandip\.stmcufinder\plugins\mcufinder/ => C:\Users\Sandip\.stmcufinder\plugins\mcufinder
2024-11-06 22:27:45,627 [INFO] ApiDb:250 - Set database path to: C:\Users\Sandip\.stmcufinder\plugins\mcufinder//mcu/
2024-11-06 22:27:45,627 [WARN] DbFile:41 - Overriding database path with different value: C:\Users\Sandip\.stmcufinder\plugins\mcufinder/ => C:\Users\Sandip\.stmcufinder\plugins\mcufinder
2024-11-06 22:27:45,627 [INFO] DbMcusAds:125 - Set database path to: C:\Users\Sandip\.stmcufinder\plugins\mcufinder//mcu/
2024-11-06 22:27:45,627 [WARN] DbFile:41 - Overriding database path with different value: C:\Users\Sandip\.stmcufinder\plugins\mcufinder/ => C:\Users\Sandip\.stmcufinder\plugins\mcufinder
2024-11-06 22:27:45,627 [WARN] DbFile:41 - Overriding database path with different value: C:\Users\Sandip\.stmcufinder\plugins\mcufinder/ => C:\Users\Sandip\.stmcufinder\plugins\mcufinder
2024-11-06 22:27:45,627 [INFO] CrossReferenceDbSqlite:203 - Set database path to: C:\Users\Sandip\.stmcufinder\plugins\mcufinder//mcu/cs/
2024-11-06 22:27:45,659 [INFO] ApplicationProperties:184 - Using Application install path: C:\ST\STM32CubeIDE_1.15.0\STM32CubeIDE\plugins\com.st.stm32cube.common.mx_6.11.0.202403141607
2024-11-06 22:27:45,662 [INFO] PluginManage:196 - Search for loadable plugins [exclusion list=, ]
2024-11-06 22:27:45,664 [INFO] PluginManage:310 - Check plugin analytics
2024-11-06 22:27:46,046 [INFO] AnalyticsPlugin:253 - Accepted Software Licenses: STM32CubeMX.6.11.0
2024-11-06 22:27:46,047 [INFO] AnalyticsPlugin:255 - Accepted CMSIS Pack Licenses: 
2024-11-06 22:27:46,047 [INFO] AnalyticsPlugin:257 - Accepted Firmware Licenses: FW.F4.1.28.0
2024-11-06 22:27:46,052 [INFO] PluginManage:359 - Loaded plugin analytics (category:tool,tabindex:-1)
2024-11-06 22:27:46,053 [INFO] PluginManage:310 - Check plugin cadmodel
2024-11-06 22:27:46,087 [INFO] CADModel:105 - Init CAD model plugin
2024-11-06 22:27:46,087 [INFO] PluginManage:359 - Loaded plugin cadmodel (category:power,tabindex:5)
2024-11-06 22:27:46,088 [INFO] PluginManage:310 - Check plugin clock
2024-11-06 22:27:46,132 [INFO] PluginManage:359 - Loaded plugin clock (category:base,tabindex:2)
2024-11-06 22:27:46,133 [INFO] PluginManage:310 - Check plugin ddr
2024-11-06 22:27:46,138 [INFO] PluginManage:359 - Loaded plugin ddr (category:tool,tabindex:6)
2024-11-06 22:27:46,139 [INFO] PluginManage:310 - Check plugin filemanager
2024-11-06 22:27:46,455 [INFO] PluginManage:359 - Loaded plugin filemanager (category:base,tabindex:10)
2024-11-06 22:27:46,455 [INFO] PluginManage:310 - Check plugin ipmanager
2024-11-06 22:27:46,469 [INFO] PluginManage:359 - Loaded plugin ipmanager (category:base,tabindex:5)
2024-11-06 22:27:46,469 [INFO] PluginManage:310 - Check plugin lpbam
2024-11-06 22:27:46,501 [INFO] PluginManage:359 - Loaded plugin lpbam (category:base,tabindex:0)
2024-11-06 22:27:46,501 [INFO] PluginManage:310 - Check plugin memorymap
2024-11-06 22:27:46,545 [INFO] PluginManage:359 - Loaded plugin memorymap (category:base,tabindex:4)
2024-11-06 22:27:46,545 [INFO] PluginManage:310 - Check plugin pinoutandconfiguration
2024-11-06 22:27:46,571 [INFO] PluginManage:359 - Loaded plugin pinoutandconfiguration (category:base,tabindex:1)
2024-11-06 22:27:46,571 [INFO] PluginManage:310 - Check plugin pinoutconfig
2024-11-06 22:27:46,757 [WARN] SupportedApi:132 - Cannot load RTOS API schema: s4s-elt-must-match.1: The content of 'definitions' must match (annotation?, (simpleType | complexType)?, (unique | key | keyref)*)). A problem was found starting at: attribute.
2024-11-06 22:27:47,065 [INFO] PluginManage:359 - Loaded plugin pinoutconfig (category:base,tabindex:0)
2024-11-06 22:27:47,065 [INFO] PluginManage:310 - Check plugin power
2024-11-06 22:27:47,116 [INFO] PluginManage:359 - Loaded plugin power (category:power,tabindex:4)
2024-11-06 22:27:47,116 [INFO] PluginManage:310 - Check plugin projectmanager
2024-11-06 22:27:47,157 [INFO] PluginManage:359 - Loaded plugin projectmanager (category:projectmanager,tabindex:3)
2024-11-06 22:27:47,157 [INFO] PluginManage:310 - Check plugin thirdparty
2024-11-06 22:27:47,738 [INFO] PluginManage:359 - Loaded plugin thirdparty (category:base,tabindex:-1)
2024-11-06 22:27:47,737 [WARN] IntegrityCheckThread:84 - waiting for thirdparty lock release [integrity check]
2024-11-06 22:27:47,738 [INFO] IntegrityCheckThread:86 - entering critical section [integrity check]
2024-11-06 22:27:47,738 [INFO] PluginManage:310 - Check plugin tools
2024-11-06 22:27:47,738 [INFO] ThirdPartyUpdaterWithRetryManager:70 - Updater plugin not ready yet. [1/15]
2024-11-06 22:27:47,810 [INFO] PluginManage:359 - Loaded plugin tools (category:base,tabindex:7)
2024-11-06 22:27:47,811 [INFO] PluginManage:310 - Check plugin tutovideos
2024-11-06 22:27:48,333 [INFO] PluginManage:359 - Loaded plugin tutovideos (category:base,tabindex:-1)
2024-11-06 22:27:48,334 [INFO] PluginManage:310 - Check plugin updater
2024-11-06 22:27:48,357 [INFO] PluginManage:359 - Loaded plugin updater (category:base,tabindex:12)
2024-11-06 22:27:48,357 [INFO] PluginManage:310 - Check plugin userauth
2024-11-06 22:27:48,368 [INFO] UserAuth:114 - Init User Auth plugin
2024-11-06 22:27:48,369 [INFO] PluginManage:359 - Loaded plugin userauth (category:base,tabindex:14)
2024-11-06 22:27:48,370 [INFO] PluginManage:283 - PluginManage : Loaded plugins [17]
2024-11-06 22:27:49,191 [INFO] PinOutPanel:1561 - setPackage(No Configuration,No Configuration)
2024-11-06 22:27:49,637 [INFO] CADModel:165 - CPN selected for project level
2024-11-06 22:27:49,637 [INFO] CADModel:114 - Register for checkConnection events
2024-11-06 22:27:49,691 [INFO] IPUIPlugin:80 - create IPUIPlugin
2024-11-06 22:27:49,692 [INFO] PluginManager:220 - loadIPPluginJar : add adc
2024-11-06 22:27:49,770 [INFO] IPUIPlugin:80 - create IPUIPlugin
2024-11-06 22:27:49,770 [INFO] PluginManager:220 - loadIPPluginJar : add aes
2024-11-06 22:27:49,855 [INFO] IPUIPlugin:80 - create IPUIPlugin
2024-11-06 22:27:49,855 [INFO] PluginManager:220 - loadIPPluginJar : add can
2024-11-06 22:27:49,897 [INFO] IPUIPlugin:80 - create IPUIPlugin
2024-11-06 22:27:49,898 [INFO] PluginManager:220 - loadIPPluginJar : add comp
2024-11-06 22:27:49,964 [INFO] IPUIPlugin:80 - create IPUIPlugin
2024-11-06 22:27:49,965 [INFO] PluginManager:220 - loadIPPluginJar : add cryp
2024-11-06 22:27:50,027 [INFO] IPUIPlugin:80 - create IPUIPlugin
2024-11-06 22:27:50,027 [INFO] PluginManager:220 - loadIPPluginJar : add dfsdm
2024-11-06 22:27:50,059 [INFO] IPUIPlugin:80 - create IPUIPlugin
2024-11-06 22:27:50,060 [INFO] PluginManager:220 - loadIPPluginJar : add dma
2024-11-06 22:27:50,137 [INFO] IPUIPlugin:80 - create IPUIPlugin
2024-11-06 22:27:50,137 [INFO] PluginManager:220 - loadIPPluginJar : add dma3
2024-11-06 22:27:50,234 [INFO] IPUIPlugin:80 - create IPUIPlugin
2024-11-06 22:27:50,234 [INFO] PluginManager:220 - loadIPPluginJar : add extmemmanager
2024-11-06 22:27:50,275 [INFO] IPUIPlugin:80 - create IPUIPlugin
2024-11-06 22:27:50,275 [INFO] PluginManager:220 - loadIPPluginJar : add fatfs
2024-11-06 22:27:50,380 [INFO] IPUIPlugin:80 - create IPUIPlugin
2024-11-06 22:27:50,380 [INFO] PluginManager:220 - loadIPPluginJar : add fmc
2024-11-06 22:27:50,403 [INFO] IPUIPlugin:80 - create IPUIPlugin
2024-11-06 22:27:50,404 [INFO] PluginManager:220 - loadIPPluginJar : add freertos
2024-11-06 22:27:50,439 [INFO] IPUIPlugin:80 - create IPUIPlugin
2024-11-06 22:27:50,439 [INFO] PluginManager:220 - loadIPPluginJar : add genericplugin
2024-11-06 22:27:50,620 [INFO] IPUIPlugin:80 - create IPUIPlugin
2024-11-06 22:27:50,620 [INFO] PluginManager:220 - loadIPPluginJar : add gfxmmu
2024-11-06 22:27:50,740 [INFO] ThirdPartyUpdaterWithRetryManager:70 - Updater plugin not ready yet. [2/15]
2024-11-06 22:27:50,864 [INFO] IPUIPlugin:80 - create IPUIPlugin
2024-11-06 22:27:50,865 [INFO] PluginManager:220 - loadIPPluginJar : add gic
2024-11-06 22:27:50,889 [INFO] IPUIPlugin:80 - create IPUIPlugin
2024-11-06 22:27:50,890 [INFO] PluginManager:220 - loadIPPluginJar : add gpio
2024-11-06 22:27:51,086 [INFO] IPUIPlugin:80 - create IPUIPlugin
2024-11-06 22:27:51,086 [INFO] PluginManager:220 - loadIPPluginJar : add gtzc
2024-11-06 22:27:51,151 [INFO] IPUIPlugin:80 - create IPUIPlugin
2024-11-06 22:27:51,151 [INFO] PluginManager:220 - loadIPPluginJar : add hash
2024-11-06 22:27:51,264 [INFO] IPUIPlugin:80 - create IPUIPlugin
2024-11-06 22:27:51,265 [INFO] PluginManager:220 - loadIPPluginJar : add i2c
2024-11-06 22:27:51,340 [INFO] IPUIPlugin:80 - create IPUIPlugin
2024-11-06 22:27:51,340 [INFO] PluginManager:220 - loadIPPluginJar : add i2s
2024-11-06 22:27:51,418 [INFO] IPUIPlugin:80 - create IPUIPlugin
2024-11-06 22:27:51,418 [INFO] PluginManager:220 - loadIPPluginJar : add i3c
2024-11-06 22:27:51,631 [INFO] IPUIPlugin:80 - create IPUIPlugin
2024-11-06 22:27:51,631 [INFO] PluginManager:220 - loadIPPluginJar : add ipddr
2024-11-06 22:27:51,825 [INFO] IPUIPlugin:80 - create IPUIPlugin
2024-11-06 22:27:51,826 [INFO] PluginManager:220 - loadIPPluginJar : add linkedlist
2024-11-06 22:27:51,896 [INFO] IPUIPlugin:80 - create IPUIPlugin
2024-11-06 22:27:51,896 [INFO] PluginManager:220 - loadIPPluginJar : add lorawan
2024-11-06 22:27:51,961 [INFO] IPUIPlugin:80 - create IPUIPlugin
2024-11-06 22:27:51,961 [INFO] PluginManager:220 - loadIPPluginJar : add ltdc
2024-11-06 22:27:51,984 [INFO] IPUIPlugin:80 - create IPUIPlugin
2024-11-06 22:27:51,984 [INFO] PluginManager:220 - loadIPPluginJar : add mdma
2024-11-06 22:27:52,010 [INFO] IPUIPlugin:80 - create IPUIPlugin
2024-11-06 22:27:52,010 [INFO] PluginManager:220 - loadIPPluginJar : add nvic
2024-11-06 22:27:52,082 [INFO] IPUIPlugin:80 - create IPUIPlugin
2024-11-06 22:27:52,082 [INFO] PluginManager:220 - loadIPPluginJar : add opamp
2024-11-06 22:27:52,236 [INFO] IPUIPlugin:80 - create IPUIPlugin
2024-11-06 22:27:52,236 [INFO] PluginManager:220 - loadIPPluginJar : add openamp
2024-11-06 22:27:52,323 [INFO] IPUIPlugin:80 - create IPUIPlugin
2024-11-06 22:27:52,325 [INFO] PluginManager:220 - loadIPPluginJar : add pdm2pcm
2024-11-06 22:27:52,360 [INFO] IPUIPlugin:80 - create IPUIPlugin
2024-11-06 22:27:52,366 [INFO] PluginManager:220 - loadIPPluginJar : add plateformsettings
2024-11-06 22:27:52,422 [INFO] IPUIPlugin:80 - create IPUIPlugin
2024-11-06 22:27:52,422 [INFO] PluginManager:220 - loadIPPluginJar : add quadspi
2024-11-06 22:27:52,452 [INFO] IPUIPlugin:80 - create IPUIPlugin
2024-11-06 22:27:52,453 [INFO] PluginManager:220 - loadIPPluginJar : add resmgrutility
2024-11-06 22:27:52,569 [INFO] IPUIPlugin:80 - create IPUIPlugin
2024-11-06 22:27:52,569 [INFO] PluginManager:220 - loadIPPluginJar : add sai
2024-11-06 22:27:52,652 [INFO] IPUIPlugin:80 - create IPUIPlugin
2024-11-06 22:27:52,653 [INFO] PluginManager:220 - loadIPPluginJar : add spi
2024-11-06 22:27:52,795 [INFO] IPUIPlugin:80 - create IPUIPlugin
2024-11-06 22:27:52,795 [INFO] PluginManager:220 - loadIPPluginJar : add stm32_wpan
2024-11-06 22:27:52,832 [INFO] IPUIPlugin:80 - create IPUIPlugin
2024-11-06 22:27:52,832 [INFO] PluginManager:220 - loadIPPluginJar : add tim
2024-11-06 22:27:52,971 [INFO] IPUIPlugin:80 - create IPUIPlugin
2024-11-06 22:27:52,971 [INFO] PluginManager:220 - loadIPPluginJar : add touchsensing
2024-11-06 22:27:53,018 [INFO] IPUIPlugin:80 - create IPUIPlugin
2024-11-06 22:27:53,019 [INFO] PluginManager:220 - loadIPPluginJar : add tracer_emb
2024-11-06 22:27:53,062 [INFO] IPUIPlugin:80 - create IPUIPlugin
2024-11-06 22:27:53,063 [INFO] PluginManager:220 - loadIPPluginJar : add ts
2024-11-06 22:27:53,102 [INFO] IPUIPlugin:80 - create IPUIPlugin
2024-11-06 22:27:53,102 [INFO] PluginManager:220 - loadIPPluginJar : add tsc
2024-11-06 22:27:53,138 [INFO] IPUIPlugin:80 - create IPUIPlugin
2024-11-06 22:27:53,138 [INFO] PluginManager:220 - loadIPPluginJar : add ucpd
2024-11-06 22:27:53,219 [INFO] IPUIPlugin:80 - create IPUIPlugin
2024-11-06 22:27:53,219 [INFO] PluginManager:220 - loadIPPluginJar : add usart
2024-11-06 22:27:53,322 [INFO] IPUIPlugin:80 - create IPUIPlugin
2024-11-06 22:27:53,322 [INFO] PluginManager:220 - loadIPPluginJar : add usbx
2024-11-06 22:27:53,539 [INFO] CADModel:165 - CPN selected for project level
2024-11-06 22:27:53,539 [INFO] CADModel:114 - Register for checkConnection events
2024-11-06 22:27:53,539 [FATAL] Updater:308 - Updater called before beeing initialized
2024-11-06 22:27:53,540 [ERROR] CADModel:125 - Updater not yet initialized, retry later 
2024-11-06 22:27:53,744 [INFO] ThirdPartyUpdaterWithRetryManager:70 - Updater plugin not ready yet. [3/15]
2024-11-06 22:27:53,876 [INFO] CADModel:165 - CPN selected for project level
2024-11-06 22:27:53,876 [INFO] CADModel:114 - Register for checkConnection events
2024-11-06 22:27:53,876 [FATAL] Updater:308 - Updater called before beeing initialized
2024-11-06 22:27:53,876 [ERROR] CADModel:125 - Updater not yet initialized, retry later 
2024-11-06 22:27:53,882 [FATAL] Updater:308 - Updater called before beeing initialized
2024-11-06 22:27:54,236 [FATAL] Updater:308 - Updater called before beeing initialized
2024-11-06 22:27:54,261 [INFO] DbMcusAds:53 - JSON generation date=Fri Sep 20 18:34:23 IST 2024 (1726837463113)
2024-11-06 22:27:54,262 [FATAL] Updater:308 - Updater called before beeing initialized
2024-11-06 22:27:54,351 [WARN] DetailPanel:346 - Failed to get advertising image, set to default
2024-11-06 22:27:54,507 [FATAL] Updater:308 - Updater called before beeing initialized
2024-11-06 22:27:54,510 [FATAL] Updater:308 - Updater called before beeing initialized
2024-11-06 22:27:54,510 [FATAL] Updater:308 - Updater called before beeing initialized
2024-11-06 22:27:54,510 [WARN] DetailPanel:346 - Failed to get advertising image, set to default
2024-11-06 22:27:54,511 [FATAL] Updater:308 - Updater called before beeing initialized
2024-11-06 22:27:54,621 [ERROR] Updater:1120 - MainUpdater not yet initialized. External WinMGr cannot be set.
2024-11-06 22:27:54,646 [INFO] Updater:1056 - Updater Version found : 6.11.0
2024-11-06 22:27:54,688 [INFO] ApplicationProperties:184 - Using Application install path: C:\ST\STM32CubeIDE_1.15.0\STM32CubeIDE\plugins\com.st.stm32cube.common.mx_6.11.0.202403141607
2024-11-06 22:27:55,639 [INFO] MainUpdater:2873 - connection check result : 10
2024-11-06 22:27:55,640 [INFO] MainUpdater:290 - Updater Check For Update Now.
2024-11-06 22:27:55,640 [INFO] MicroXplorer:498 - Change Database Version : DB.6.0.110
2024-11-06 22:27:55,673 [INFO] McuFinderGlobals:63 - Set McuFinder mode to 2 (CubeIDE integrated)
2024-11-06 22:27:55,705 [INFO] UserAuth:415 - Internet connection configuration mode: 1
2024-11-06 22:27:55,751 [INFO] JxBrowserEngine:152 - Initiate JxBrowser Engine with user profile folder
2024-11-06 22:27:56,060 [INFO] CheckServerUpdateThread:120 - End of CheckServer Thread
2024-11-06 22:27:57,228 [WARN] PackLoader:240 - Cannot read IP mode file for STMicroelectronics.FP-SNS-MOTENVWB1.1.4.0
2024-11-06 22:27:57,269 [WARN] PackLoader:240 - Cannot read IP mode file for STMicroelectronics.X-CUBE-SMBUS.2.1.0
2024-11-06 22:27:57,311 [WARN] PackLoader:240 - Cannot read IP mode file for STMicroelectronics.X-CUBE-WB05N.1.1.0
2024-11-06 22:27:57,343 [WARN] PackLoader:240 - Cannot read IP mode file for STMicroelectronics.X-CUBE-TOUCHGFX.4.23.2
2024-11-06 22:27:57,456 [WARN] PackLoader:240 - Cannot read IP mode file for STMicroelectronics.X-CUBE-AZRTOS-F7.1.1.0
2024-11-06 22:27:57,728 [WARN] PackLoader:240 - Cannot read IP mode file for STMicroelectronics.X-CUBE-MEMS1.11.0.0
2024-11-06 22:27:58,216 [WARN] PackLoader:240 - Cannot read IP mode file for STMicroelectronics.FP-SNS-FLIGHT1.5.0.2
2024-11-06 22:27:58,250 [WARN] PackLoader:240 - Cannot read IP mode file for STMicroelectronics.X-CUBE-DISPLAY.3.0.0
2024-11-06 22:27:58,333 [WARN] PackLoader:240 - Cannot read IP mode file for STMicroelectronics.X-CUBE-BLE1.7.0.0
2024-11-06 22:27:58,564 [WARN] PackLoader:240 - Cannot read IP mode file for STMicroelectronics.X-CUBE-NFC10.1.0.0
2024-11-06 22:27:58,597 [WARN] PackLoader:240 - Cannot read IP mode file for emotas.I-CUBE-CANOPEN.1.3.0
2024-11-06 22:27:58,900 [WARN] PackLoader:240 - Cannot read IP mode file for STMicroelectronics.X-CUBE-BLEMGR.3.1.0
2024-11-06 22:27:59,009 [WARN] PackLoader:240 - Cannot read IP mode file for STMicroelectronics.FP-SNS-SMARTAG2.1.2.0
2024-11-06 22:27:59,077 [INFO] LogOutputStream:77 - [STDOUT_REDIRECT] 1 : Invalid condition id : UX_CORESTACK_Condition cause : null
2024-11-06 22:27:59,080 [INFO] LogOutputStream:77 - [STDOUT_REDIRECT] 1 : Invalid condition id : UX_CORESTACK_Condition cause : null
2024-11-06 22:27:59,084 [INFO] LogOutputStream:77 - [STDOUT_REDIRECT] 1 : Invalid condition id : UX_CORESTACK_Condition cause : null
2024-11-06 22:27:59,087 [INFO] LogOutputStream:77 - [STDOUT_REDIRECT] 1 : Invalid condition id : UX_CORESTACK_Condition cause : null
2024-11-06 22:27:59,091 [INFO] LogOutputStream:77 - [STDOUT_REDIRECT] 1 : Invalid condition id : UX_CORESTACK_Condition cause : null
2024-11-06 22:27:59,097 [WARN] PackLoader:240 - Cannot read IP mode file for STMicroelectronics.X-CUBE-AZRTOS-WL.2.0.0
2024-11-06 22:27:59,127 [WARN] PackLoader:240 - Cannot read IP mode file for wolfSSL.I-CUBE-wolfMQTT.1.19.0
2024-11-06 22:27:59,156 [WARN] PackLoader:240 - Cannot read IP mode file for WES.I-CUBE-Cesium.1.3.0
2024-11-06 22:27:59,198 [WARN] PackLoader:240 - Cannot read IP mode file for STMicroelectronics.X-CUBE-BLE2.3.3.0
2024-11-06 22:27:59,305 [WARN] PackLoader:240 - Cannot read IP mode file for STMicroelectronics.X-CUBE-NFC9.1.0.0
2024-11-06 22:27:59,444 [WARN] PackLoader:240 - Cannot read IP mode file for STMicroelectronics.X-CUBE-ALGOBUILD.1.3.0
2024-11-06 22:27:59,604 [WARN] PackLoader:240 - Cannot read IP mode file for STMicroelectronics.X-CUBE-AZRTOS-G0.1.1.0
2024-11-06 22:27:59,644 [WARN] PackLoader:240 - Cannot read IP mode file for STMicroelectronics.X-CUBE-NFC4.3.0.0
2024-11-06 22:27:59,710 [WARN] PackLoader:240 - Cannot read IP mode file for EmbeddedOffice.I-CUBE-FS-RTOS.1.0.1
2024-11-06 22:27:59,710 [ERROR] ConditionMgr:805 - Attr not supported : Dmpu
2024-11-06 22:27:59,711 [ERROR] ConditionMgr:805 - Attr not supported : Dmpu
2024-11-06 22:27:59,711 [ERROR] ConditionMgr:805 - Attr not supported : Dmpu
2024-11-06 22:27:59,711 [ERROR] ConditionMgr:805 - Attr not supported : Dmpu
2024-11-06 22:27:59,711 [ERROR] ConditionMgr:805 - Attr not supported : Dmpu
2024-11-06 22:27:59,712 [ERROR] ConditionMgr:805 - Attr not supported : Dmpu
2024-11-06 22:27:59,712 [ERROR] ConditionMgr:805 - Attr not supported : Dmpu
2024-11-06 22:27:59,712 [ERROR] ConditionMgr:805 - Attr not supported : Dmpu
2024-11-06 22:27:59,712 [ERROR] ConditionMgr:805 - Attr not supported : Dmpu
2024-11-06 22:27:59,712 [ERROR] ConditionMgr:805 - Attr not supported : Dmpu
2024-11-06 22:27:59,713 [ERROR] ConditionMgr:805 - Attr not supported : Dmpu
2024-11-06 22:27:59,713 [ERROR] ConditionMgr:805 - Attr not supported : Dmpu
2024-11-06 22:27:59,713 [ERROR] ConditionMgr:805 - Attr not supported : Dmpu
2024-11-06 22:27:59,713 [ERROR] ConditionMgr:805 - Attr not supported : Dmpu
2024-11-06 22:27:59,713 [ERROR] ConditionMgr:805 - Attr not supported : Dmpu
2024-11-06 22:27:59,714 [ERROR] ConditionMgr:805 - Attr not supported : Dmpu
2024-11-06 22:27:59,714 [ERROR] ConditionMgr:805 - Attr not supported : Dmpu
2024-11-06 22:27:59,714 [ERROR] ConditionMgr:805 - Attr not supported : Dmpu
2024-11-06 22:27:59,714 [ERROR] ConditionMgr:805 - Attr not supported : Dmpu
2024-11-06 22:27:59,714 [ERROR] ConditionMgr:805 - Attr not supported : Dmpu
2024-11-06 22:27:59,715 [ERROR] ConditionMgr:805 - Attr not supported : Dmpu
2024-11-06 22:27:59,715 [ERROR] ConditionMgr:805 - Attr not supported : Dmpu
2024-11-06 22:27:59,715 [ERROR] ConditionMgr:805 - Attr not supported : Dmpu
2024-11-06 22:27:59,715 [ERROR] ConditionMgr:805 - Attr not supported : Dmpu
2024-11-06 22:27:59,715 [ERROR] ConditionMgr:805 - Attr not supported : Dmpu
2024-11-06 22:27:59,715 [ERROR] ConditionMgr:805 - Attr not supported : Dmpu
2024-11-06 22:27:59,716 [ERROR] ConditionMgr:805 - Attr not supported : Dmpu
2024-11-06 22:27:59,716 [ERROR] ConditionMgr:805 - Attr not supported : Dmpu
2024-11-06 22:27:59,716 [ERROR] ConditionMgr:805 - Attr not supported : Dmpu
2024-11-06 22:27:59,716 [ERROR] ConditionMgr:805 - Attr not supported : Dmpu
2024-11-06 22:27:59,716 [ERROR] ConditionMgr:805 - Attr not supported : Dmpu
2024-11-06 22:27:59,716 [ERROR] ConditionMgr:805 - Attr not supported : Dmpu
2024-11-06 22:27:59,716 [ERROR] ConditionMgr:805 - Attr not supported : Dmpu
2024-11-06 22:27:59,716 [ERROR] ConditionMgr:805 - Attr not supported : Dmpu
2024-11-06 22:27:59,717 [ERROR] ConditionMgr:805 - Attr not supported : Dmpu
2024-11-06 22:27:59,717 [ERROR] ConditionMgr:805 - Attr not supported : Dmpu
2024-11-06 22:27:59,717 [ERROR] ConditionMgr:805 - Attr not supported : Dmpu
2024-11-06 22:27:59,717 [ERROR] ConditionMgr:805 - Attr not supported : Dmpu
2024-11-06 22:27:59,717 [ERROR] ConditionMgr:805 - Attr not supported : Dmpu
2024-11-06 22:27:59,718 [ERROR] ConditionMgr:805 - Attr not supported : Dmpu
2024-11-06 22:27:59,718 [ERROR] ConditionMgr:805 - Attr not supported : Dmpu
2024-11-06 22:27:59,718 [ERROR] ConditionMgr:805 - Attr not supported : Dmpu
2024-11-06 22:27:59,718 [ERROR] ConditionMgr:805 - Attr not supported : Dmpu
2024-11-06 22:27:59,718 [ERROR] ConditionMgr:805 - Attr not supported : Dmpu
2024-11-06 22:27:59,718 [ERROR] ConditionMgr:805 - Attr not supported : Dmpu
2024-11-06 22:27:59,719 [ERROR] ConditionMgr:805 - Attr not supported : Dmpu
2024-11-06 22:27:59,719 [ERROR] ConditionMgr:805 - Attr not supported : Dmpu
2024-11-06 22:27:59,719 [ERROR] ConditionMgr:805 - Attr not supported : Dmpu
2024-11-06 22:27:59,719 [ERROR] ConditionMgr:805 - Attr not supported : Dmpu
2024-11-06 22:27:59,719 [ERROR] ConditionMgr:805 - Attr not supported : Dmpu
2024-11-06 22:27:59,719 [ERROR] ConditionMgr:805 - Attr not supported : Dmpu
2024-11-06 22:27:59,720 [ERROR] ConditionMgr:805 - Attr not supported : Dmpu
2024-11-06 22:27:59,720 [ERROR] ConditionMgr:805 - Attr not supported : Dmpu
2024-11-06 22:27:59,720 [ERROR] ConditionMgr:805 - Attr not supported : Dmpu
2024-11-06 22:27:59,720 [ERROR] ConditionMgr:805 - Attr not supported : Dmpu
2024-11-06 22:27:59,720 [ERROR] ConditionMgr:805 - Attr not supported : Dmpu
2024-11-06 22:27:59,720 [ERROR] ConditionMgr:805 - Attr not supported : Dmpu
2024-11-06 22:27:59,720 [ERROR] ConditionMgr:805 - Attr not supported : Dmpu
2024-11-06 22:27:59,721 [ERROR] ConditionMgr:805 - Attr not supported : Dmpu
2024-11-06 22:27:59,721 [ERROR] ConditionMgr:805 - Attr not supported : Dmpu
2024-11-06 22:27:59,721 [ERROR] ConditionMgr:805 - Attr not supported : Dmpu
2024-11-06 22:27:59,721 [ERROR] ConditionMgr:805 - Attr not supported : Dmpu
2024-11-06 22:27:59,721 [ERROR] ConditionMgr:805 - Attr not supported : Dmpu
2024-11-06 22:27:59,721 [ERROR] ConditionMgr:805 - Attr not supported : Dmpu
2024-11-06 22:27:59,761 [WARN] PackLoader:240 - Cannot read IP mode file for RealThread.X-CUBE-RT-Thread_Nano.4.1.1
2024-11-06 22:27:59,791 [WARN] PackLoader:240 - Cannot read IP mode file for STMicroelectronics.FP-ATR-SIGFOX1.3.2.0
2024-11-06 22:27:59,835 [WARN] PackLoader:240 - Cannot read IP mode file for STMicroelectronics.X-CUBE-EEPRMA1.5.1.0
2024-11-06 22:27:59,935 [WARN] PackLoader:240 - Cannot read IP mode file for ITTIA_DB.I-CUBE-ITTIADB.8.9.0
2024-11-06 22:28:00,268 [WARN] PackLoader:240 - Cannot read IP mode file for SEGGER.I-CUBE-embOS.1.3.1
2024-11-06 22:28:00,439 [WARN] PackLoader:240 - Cannot read IP mode file for STMicroelectronics.X-CUBE-ALGOBUILD.1.4.0
2024-11-06 22:28:00,519 [WARN] PackLoader:240 - Cannot read IP mode file for STMicroelectronics.X-CUBE-AI.9.1.0
2024-11-06 22:28:00,680 [WARN] PackLoader:240 - Cannot read IP mode file for STMicroelectronics.X-CUBE-GNSS1.6.0.0
2024-11-06 22:28:00,855 [WARN] PackLoader:240 - Cannot read IP mode file for STMicroelectronics.X-CUBE-AZRTOS-F4.1.1.0
2024-11-06 22:28:00,925 [WARN] PackLoader:240 - Cannot read IP mode file for STMicroelectronics.X-CUBE-ISPU.2.1.0
2024-11-06 22:28:00,973 [WARN] PackLoader:240 - Cannot read IP mode file for STMicroelectronics.X-CUBE-FREERTOS.1.2.0
2024-11-06 22:28:01,708 [WARN] PackLoader:240 - Cannot read IP mode file for STMicroelectronics.X-CUBE-AZRTOS-L5.2.0.0
2024-11-06 22:28:02,069 [WARN] PackLoader:240 - Cannot read IP mode file for STMicroelectronics.X-CUBE-DPower.1.2.0
2024-11-06 22:28:02,240 [WARN] PackLoader:240 - Cannot read IP mode file for STMicroelectronics.X-CUBE-AI.9.0.0
2024-11-06 22:28:02,379 [WARN] PackLoader:240 - Cannot read IP mode file for STMicroelectronics.X-CUBE-NFC7.1.0.1
2024-11-06 22:28:02,484 [WARN] PackLoader:240 - Cannot read IP mode file for wolfSSL.I-CUBE-wolfTPM.3.2.0
2024-11-06 22:28:02,574 [WARN] PackLoader:240 - Cannot read IP mode file for STMicroelectronics.X-CUBE-AI.8.1.0
2024-11-06 22:28:02,718 [WARN] ConditionMgr:438 - getConditionDescription Invalid condition id : LAN8742 Phy interface Condition cause : null
2024-11-06 22:28:02,719 [WARN] PackLoader:240 - Cannot read IP mode file for STMicroelectronics.X-CUBE-AZRTOS-L4.2.0.0
2024-11-06 22:28:02,737 [WARN] ConditionMgr:1039 - genDependencies : Invalid condition id : LAN8742 Phy interface Condition cause : null
2024-11-06 22:28:02,737 [WARN] ConditionMgr:1039 - genDependencies : Invalid condition id : LAN8742 Phy interface Condition cause : null
2024-11-06 22:28:02,741 [WARN] ConditionMgr:1039 - genDependencies : Invalid condition id : LAN8742 Phy interface Condition cause : null
2024-11-06 22:28:02,819 [WARN] PackLoader:240 - Cannot read IP mode file for STMicroelectronics.X-CUBE-SFXS2LP1.4.0.0
2024-11-06 22:28:02,961 [WARN] PackLoader:240 - Cannot read IP mode file for STMicroelectronics.X-CUBE-AZRTOS-H7.3.3.0
2024-11-06 22:28:03,046 [WARN] PackLoader:240 - Cannot read IP mode file for STMicroelectronics.X-CUBE-IPS.3.0.0
2024-11-06 22:28:03,120 [WARN] ConditionMgr:438 - getConditionDescription Invalid condition id : UX DEVICE CLASS RTOS Condition cause : null
2024-11-06 22:28:03,121 [WARN] ConditionMgr:438 - getConditionDescription Invalid condition id : UX DEVICE CLASS RTOS Condition cause : null
2024-11-06 22:28:03,132 [WARN] PackLoader:240 - Cannot read IP mode file for STMicroelectronics.X-CUBE-AZRTOS-WB.2.0.0
2024-11-06 22:28:03,134 [WARN] ConditionMgr:1039 - genDependencies : Invalid condition id : UX DEVICE CLASS RTOS Condition cause : null
2024-11-06 22:28:03,134 [WARN] ConditionMgr:1039 - genDependencies : Invalid condition id : UX DEVICE CLASS RTOS Condition cause : null
2024-11-06 22:28:03,135 [WARN] ConditionMgr:1039 - genDependencies : Invalid condition id : UX DEVICE CLASS RTOS Condition cause : null
2024-11-06 22:28:03,136 [WARN] ConditionMgr:1039 - genDependencies : Invalid condition id : UX DEVICE CLASS RTOS Condition cause : null
2024-11-06 22:28:03,136 [WARN] ConditionMgr:1039 - genDependencies : Invalid condition id : UX DEVICE CLASS RTOS Condition cause : null
2024-11-06 22:28:03,232 [WARN] PackLoader:240 - Cannot read IP mode file for STMicroelectronics.X-CUBE-GNSS1.7.0.0
2024-11-06 22:28:03,318 [WARN] PackLoader:240 - Cannot read IP mode file for STMicroelectronics.FP-SNS-STBOX1.2.0.0
2024-11-06 22:28:03,625 [WARN] PackLoader:240 - Cannot read IP mode file for STMicroelectronics.X-CUBE-SUBG2.5.0.0
2024-11-06 22:28:03,916 [WARN] PackLoader:240 - Cannot read IP mode file for Cesanta.I-CUBE-Mongoose.7.13.0
2024-11-06 22:28:04,305 [WARN] PackLoader:240 - Cannot read IP mode file for STMicroelectronics.X-CUBE-AZRTOS-G4.2.0.0
2024-11-06 22:28:04,372 [WARN] PackLoader:240 - Cannot read IP mode file for STMicroelectronics.FP-SNS-MOTENVWB1.1.3.1
2024-11-06 22:28:04,410 [WARN] PackLoader:240 - Cannot read IP mode file for STMicroelectronics.X-CUBE-ISPU.2.0.0
2024-11-06 22:28:04,435 [WARN] PackLoader:240 - Cannot read IP mode file for STMicroelectronics.X-CUBE-ALS.1.0.2
2024-11-06 22:28:04,556 [WARN] PackLoader:240 - Cannot read IP mode file for STMicroelectronics.X-CUBE-MEMS1.10.0.0
2024-11-06 22:28:04,796 [WARN] PackLoader:240 - Cannot read IP mode file for STMicroelectronics.X-CUBE-FREERTOS.1.1.0
2024-11-06 22:28:04,822 [WARN] PackLoader:240 - Cannot read IP mode file for STMicroelectronics.X-CUBE-TOUCHGFX.4.24.0
2024-11-06 22:28:04,844 [WARN] PackLoader:240 - Cannot read IP mode file for STMicroelectronics.X-CUBE-TOUCHGFX.4.24.1
2024-11-06 22:28:04,868 [WARN] PackLoader:240 - Cannot read IP mode file for portGmbH.I-Cube-SoM-uGOAL.1.1.0
2024-11-06 22:28:04,889 [WARN] PackLoader:240 - Cannot read IP mode file for STMicroelectronics.X-CUBE-ALS.1.0.1
2024-11-06 22:28:04,938 [WARN] PackLoader:240 - Cannot read IP mode file for STMicroelectronics.X-CUBE-AZRTOS-H7RS.1.0.0
2024-11-06 22:28:04,957 [WARN] PackLoader:240 - Cannot read IP mode file for STMicroelectronics.FP-ATR-ASTRA1.2.0.0
2024-11-06 22:28:04,991 [WARN] PackLoader:240 - Cannot read IP mode file for STMicroelectronics.X-CUBE-TOF1.3.4.2
2024-11-06 22:28:05,033 [WARN] PackLoader:240 - Cannot read IP mode file for STMicroelectronics.X-CUBE-TOF1.3.4.1
2024-11-06 22:28:05,105 [WARN] PackLoader:240 - Cannot read IP mode file for STMicroelectronics.X-CUBE-AZRTOS-H7.3.2.0
2024-11-06 22:28:05,153 [WARN] PackLoader:240 - Cannot read IP mode file for Infineon.AIROC-Wi-Fi-Bluetooth-STM32.1.6.0
2024-11-06 22:28:05,176 [WARN] PackLoader:240 - Cannot read IP mode file for wolfSSL.I-CUBE-wolfSSH.1.4.17
2024-11-06 22:28:05,176 [INFO] ThirdParty:978 - Integrity check success = true
2024-11-06 22:28:05,177 [INFO] IntegrityCheckThread:100 - exiting critical section [integrity check]
2024-11-06 22:28:05,177 [INFO] IntegrityCheckThread:103 - End integrity checks thread
2024-11-06 22:28:17,692 [INFO] WebApp:161 - Instantiating new browser for Auth
2024-11-06 22:28:19,662 [INFO] WebApp:779 - Register for checkConnection events
2024-11-06 22:28:19,663 [INFO] WebApp:414 - Apply proxy settings
2024-11-06 22:28:19,663 [INFO] WebApp:499 - Chromium requires no authentication
2024-11-06 22:28:19,677 [INFO] WebApp:442 - Direct internet connection detected
2024-11-06 22:28:20,099 [INFO] WebApp:192 - Starting web application
2024-11-06 22:28:20,100 [INFO] WebApp:544 - Web application path used C:\ST\STM32CubeIDE_1.15.0\STM32CubeIDE\plugins\com.st.stm32cube.common.mx_6.11.0.202403141607\db\plugins\mcufinder\reactClient1\index.html
