2024-11-05 22:19:35,574 [INFO] Activator:176 - 


2024-11-05 22:19:35,582 [INFO] Activator:177 - !SESSION log4j initialized
2024-11-05 22:19:44,900 [INFO] LogOutputStream:77 - [STDOUT_REDIRECT] 
2024-11-05 22:19:48,423 [INFO] ApplicationProperties:184 - Using Application install path: C:\ST\STM32CubeIDE_1.15.0\STM32CubeIDE\plugins\com.st.stm32cube.common.mx_6.11.0.202403141607
2024-11-05 22:19:48,453 [INFO] DbMcusXml:78 - Set database path to: C:\ST\STM32CubeIDE_1.15.0\STM32CubeIDE\plugins\com.st.stm32cube.common.mx_6.11.0.202403141607\\db\/mcu/
2024-11-05 22:19:48,453 [INFO] ApiDb:274 - Set plugin database path to: C:\ST\STM32CubeIDE_1.15.0\STM32CubeIDE\plugins\com.st.stm32cube.common.mx_6.11.0.202403141607\\db\/plugins/boardmanager/
2024-11-05 22:19:48,454 [WARN] ApiDb:259 - Overriding images path with different value:  => C:\ST\STM32CubeIDE_1.15.0\STM32CubeIDE\plugins\com.st.stm32cube.common.mx_6.11.0.202403141607\\db\/plugins/mcufinder/images/
2024-11-05 22:19:48,472 [INFO] ApiDb:250 - Set database path to: C:\Users\Sandip\.stmcufinder\plugins\mcufinder//mcu/
2024-11-05 22:19:48,474 [INFO] DbMcusAds:125 - Set database path to: C:\Users\Sandip\.stmcufinder\plugins\mcufinder//mcu/
2024-11-05 22:19:48,478 [INFO] CrossReferenceDbSqlite:203 - Set database path to: C:\Users\Sandip\.stmcufinder\plugins\mcufinder//mcu/cs/
2024-11-05 22:19:48,645 [INFO] RulesReader:64 - Compatibility file has been processed (297 Rules)
2024-11-05 22:19:48,778 [INFO] DbMcusXml:78 - Set database path to: C:\ST\STM32CubeIDE_1.15.0\STM32CubeIDE\plugins\com.st.stm32cube.common.mx_6.11.0.202403141607\\db\/mcu/
2024-11-05 22:19:48,778 [INFO] ApiDb:274 - Set plugin database path to: C:\ST\STM32CubeIDE_1.15.0\STM32CubeIDE\plugins\com.st.stm32cube.common.mx_6.11.0.202403141607\\db\/plugins/boardmanager/
2024-11-05 22:19:48,779 [INFO] ApiDb:261 - Set plugin images path to: C:\ST\STM32CubeIDE_1.15.0\STM32CubeIDE\plugins\com.st.stm32cube.common.mx_6.11.0.202403141607\\db\/plugins/mcufinder/images/
2024-11-05 22:19:48,779 [WARN] DbFile:41 - Overriding database path with different value: C:\Users\Sandip\.stmcufinder\plugins\mcufinder/ => C:\Users\Sandip\.stmcufinder\plugins\mcufinder
2024-11-05 22:19:48,779 [INFO] ApiDb:250 - Set database path to: C:\Users\Sandip\.stmcufinder\plugins\mcufinder//mcu/
2024-11-05 22:19:48,779 [WARN] DbFile:41 - Overriding database path with different value: C:\Users\Sandip\.stmcufinder\plugins\mcufinder/ => C:\Users\Sandip\.stmcufinder\plugins\mcufinder
2024-11-05 22:19:48,779 [INFO] DbMcusAds:125 - Set database path to: C:\Users\Sandip\.stmcufinder\plugins\mcufinder//mcu/
2024-11-05 22:19:48,780 [WARN] DbFile:41 - Overriding database path with different value: C:\Users\Sandip\.stmcufinder\plugins\mcufinder/ => C:\Users\Sandip\.stmcufinder\plugins\mcufinder
2024-11-05 22:19:48,780 [WARN] DbFile:41 - Overriding database path with different value: C:\Users\Sandip\.stmcufinder\plugins\mcufinder/ => C:\Users\Sandip\.stmcufinder\plugins\mcufinder
2024-11-05 22:19:48,780 [INFO] CrossReferenceDbSqlite:203 - Set database path to: C:\Users\Sandip\.stmcufinder\plugins\mcufinder//mcu/cs/
2024-11-05 22:19:48,884 [INFO] MainPanel:264 - HeapMemory: 268435456
2024-11-05 22:19:49,005 [INFO] DbMcusXml:78 - Set database path to: C:\ST\STM32CubeIDE_1.15.0\STM32CubeIDE\plugins\com.st.stm32cube.common.mx_6.11.0.202403141607\\db\/mcu/
2024-11-05 22:19:49,005 [INFO] ApiDb:274 - Set plugin database path to: C:\ST\STM32CubeIDE_1.15.0\STM32CubeIDE\plugins\com.st.stm32cube.common.mx_6.11.0.202403141607\\db\/plugins/boardmanager/
2024-11-05 22:19:49,006 [INFO] ApiDb:261 - Set plugin images path to: C:\ST\STM32CubeIDE_1.15.0\STM32CubeIDE\plugins\com.st.stm32cube.common.mx_6.11.0.202403141607\\db\/plugins/mcufinder/images/
2024-11-05 22:19:49,007 [WARN] DbFile:41 - Overriding database path with different value: C:\Users\Sandip\.stmcufinder\plugins\mcufinder/ => C:\Users\Sandip\.stmcufinder\plugins\mcufinder
2024-11-05 22:19:49,007 [INFO] ApiDb:250 - Set database path to: C:\Users\Sandip\.stmcufinder\plugins\mcufinder//mcu/
2024-11-05 22:19:49,007 [WARN] DbFile:41 - Overriding database path with different value: C:\Users\Sandip\.stmcufinder\plugins\mcufinder/ => C:\Users\Sandip\.stmcufinder\plugins\mcufinder
2024-11-05 22:19:49,007 [INFO] DbMcusAds:125 - Set database path to: C:\Users\Sandip\.stmcufinder\plugins\mcufinder//mcu/
2024-11-05 22:19:49,007 [WARN] DbFile:41 - Overriding database path with different value: C:\Users\Sandip\.stmcufinder\plugins\mcufinder/ => C:\Users\Sandip\.stmcufinder\plugins\mcufinder
2024-11-05 22:19:49,007 [WARN] DbFile:41 - Overriding database path with different value: C:\Users\Sandip\.stmcufinder\plugins\mcufinder/ => C:\Users\Sandip\.stmcufinder\plugins\mcufinder
2024-11-05 22:19:49,007 [INFO] CrossReferenceDbSqlite:203 - Set database path to: C:\Users\Sandip\.stmcufinder\plugins\mcufinder//mcu/cs/
2024-11-05 22:19:49,035 [INFO] ApplicationProperties:184 - Using Application install path: C:\ST\STM32CubeIDE_1.15.0\STM32CubeIDE\plugins\com.st.stm32cube.common.mx_6.11.0.202403141607
2024-11-05 22:19:49,037 [INFO] PluginManage:196 - Search for loadable plugins [exclusion list=, ]
2024-11-05 22:19:49,039 [INFO] PluginManage:310 - Check plugin analytics
2024-11-05 22:19:49,363 [INFO] AnalyticsPlugin:253 - Accepted Software Licenses: STM32CubeMX.6.11.0
2024-11-05 22:19:49,364 [INFO] AnalyticsPlugin:255 - Accepted CMSIS Pack Licenses: 
2024-11-05 22:19:49,364 [INFO] AnalyticsPlugin:257 - Accepted Firmware Licenses: FW.F4.1.28.0
2024-11-05 22:19:49,368 [INFO] PluginManage:359 - Loaded plugin analytics (category:tool,tabindex:-1)
2024-11-05 22:19:49,369 [INFO] PluginManage:310 - Check plugin cadmodel
2024-11-05 22:19:49,390 [INFO] CADModel:105 - Init CAD model plugin
2024-11-05 22:19:49,390 [INFO] PluginManage:359 - Loaded plugin cadmodel (category:power,tabindex:5)
2024-11-05 22:19:49,390 [INFO] PluginManage:310 - Check plugin clock
2024-11-05 22:19:49,418 [INFO] PluginManage:359 - Loaded plugin clock (category:base,tabindex:2)
2024-11-05 22:19:49,419 [INFO] PluginManage:310 - Check plugin ddr
2024-11-05 22:19:49,422 [INFO] PluginManage:359 - Loaded plugin ddr (category:tool,tabindex:6)
2024-11-05 22:19:49,422 [INFO] PluginManage:310 - Check plugin filemanager
2024-11-05 22:19:49,629 [INFO] PluginManage:359 - Loaded plugin filemanager (category:base,tabindex:10)
2024-11-05 22:19:49,630 [INFO] PluginManage:310 - Check plugin ipmanager
2024-11-05 22:19:49,641 [INFO] PluginManage:359 - Loaded plugin ipmanager (category:base,tabindex:5)
2024-11-05 22:19:49,641 [INFO] PluginManage:310 - Check plugin lpbam
2024-11-05 22:19:49,660 [INFO] PluginManage:359 - Loaded plugin lpbam (category:base,tabindex:0)
2024-11-05 22:19:49,661 [INFO] PluginManage:310 - Check plugin memorymap
2024-11-05 22:19:49,688 [INFO] PluginManage:359 - Loaded plugin memorymap (category:base,tabindex:4)
2024-11-05 22:19:49,688 [INFO] PluginManage:310 - Check plugin pinoutandconfiguration
2024-11-05 22:19:49,708 [INFO] PluginManage:359 - Loaded plugin pinoutandconfiguration (category:base,tabindex:1)
2024-11-05 22:19:49,708 [INFO] PluginManage:310 - Check plugin pinoutconfig
2024-11-05 22:19:49,847 [WARN] SupportedApi:132 - Cannot load RTOS API schema: s4s-elt-must-match.1: The content of 'definitions' must match (annotation?, (simpleType | complexType)?, (unique | key | keyref)*)). A problem was found starting at: attribute.
2024-11-05 22:19:50,039 [INFO] PluginManage:359 - Loaded plugin pinoutconfig (category:base,tabindex:0)
2024-11-05 22:19:50,039 [INFO] PluginManage:310 - Check plugin power
2024-11-05 22:19:50,067 [INFO] PluginManage:359 - Loaded plugin power (category:power,tabindex:4)
2024-11-05 22:19:50,067 [INFO] PluginManage:310 - Check plugin projectmanager
2024-11-05 22:19:50,106 [INFO] PluginManage:359 - Loaded plugin projectmanager (category:projectmanager,tabindex:3)
2024-11-05 22:19:50,106 [INFO] PluginManage:310 - Check plugin thirdparty
2024-11-05 22:19:50,516 [INFO] PluginManage:359 - Loaded plugin thirdparty (category:base,tabindex:-1)
2024-11-05 22:19:50,517 [INFO] PluginManage:310 - Check plugin tools
2024-11-05 22:19:50,516 [WARN] IntegrityCheckThread:84 - waiting for thirdparty lock release [integrity check]
2024-11-05 22:19:50,517 [INFO] IntegrityCheckThread:86 - entering critical section [integrity check]
2024-11-05 22:19:50,518 [INFO] ThirdPartyUpdaterWithRetryManager:70 - Updater plugin not ready yet. [1/15]
2024-11-05 22:19:50,561 [INFO] PluginManage:359 - Loaded plugin tools (category:base,tabindex:7)
2024-11-05 22:19:50,561 [INFO] PluginManage:310 - Check plugin tutovideos
2024-11-05 22:19:50,775 [INFO] PluginManage:359 - Loaded plugin tutovideos (category:base,tabindex:-1)
2024-11-05 22:19:50,775 [INFO] PluginManage:310 - Check plugin updater
2024-11-05 22:19:50,789 [INFO] PluginManage:359 - Loaded plugin updater (category:base,tabindex:12)
2024-11-05 22:19:50,789 [INFO] PluginManage:310 - Check plugin userauth
2024-11-05 22:19:50,796 [INFO] UserAuth:114 - Init User Auth plugin
2024-11-05 22:19:50,796 [INFO] PluginManage:359 - Loaded plugin userauth (category:base,tabindex:14)
2024-11-05 22:19:50,796 [INFO] PluginManage:283 - PluginManage : Loaded plugins [17]
2024-11-05 22:19:51,080 [INFO] PinOutPanel:1561 - setPackage(No Configuration,No Configuration)
2024-11-05 22:19:51,180 [INFO] CADModel:165 - CPN selected for project level
2024-11-05 22:19:51,180 [INFO] CADModel:114 - Register for checkConnection events
2024-11-05 22:19:51,211 [INFO] IPUIPlugin:80 - create IPUIPlugin
2024-11-05 22:19:51,212 [INFO] PluginManager:220 - loadIPPluginJar : add adc
2024-11-05 22:19:51,252 [INFO] IPUIPlugin:80 - create IPUIPlugin
2024-11-05 22:19:51,252 [INFO] PluginManager:220 - loadIPPluginJar : add aes
2024-11-05 22:19:51,296 [INFO] IPUIPlugin:80 - create IPUIPlugin
2024-11-05 22:19:51,296 [INFO] PluginManager:220 - loadIPPluginJar : add can
2024-11-05 22:19:51,321 [INFO] IPUIPlugin:80 - create IPUIPlugin
2024-11-05 22:19:51,321 [INFO] PluginManager:220 - loadIPPluginJar : add comp
2024-11-05 22:19:51,357 [INFO] IPUIPlugin:80 - create IPUIPlugin
2024-11-05 22:19:51,357 [INFO] PluginManager:220 - loadIPPluginJar : add cryp
2024-11-05 22:19:51,389 [INFO] IPUIPlugin:80 - create IPUIPlugin
2024-11-05 22:19:51,389 [INFO] PluginManager:220 - loadIPPluginJar : add dfsdm
2024-11-05 22:19:51,406 [INFO] IPUIPlugin:80 - create IPUIPlugin
2024-11-05 22:19:51,407 [INFO] PluginManager:220 - loadIPPluginJar : add dma
2024-11-05 22:19:51,453 [INFO] IPUIPlugin:80 - create IPUIPlugin
2024-11-05 22:19:51,453 [INFO] PluginManager:220 - loadIPPluginJar : add dma3
2024-11-05 22:19:51,524 [INFO] IPUIPlugin:80 - create IPUIPlugin
2024-11-05 22:19:51,524 [INFO] PluginManager:220 - loadIPPluginJar : add extmemmanager
2024-11-05 22:19:51,551 [INFO] IPUIPlugin:80 - create IPUIPlugin
2024-11-05 22:19:51,551 [INFO] PluginManager:220 - loadIPPluginJar : add fatfs
2024-11-05 22:19:51,612 [INFO] IPUIPlugin:80 - create IPUIPlugin
2024-11-05 22:19:51,612 [INFO] PluginManager:220 - loadIPPluginJar : add fmc
2024-11-05 22:19:51,632 [INFO] IPUIPlugin:80 - create IPUIPlugin
2024-11-05 22:19:51,632 [INFO] PluginManager:220 - loadIPPluginJar : add freertos
2024-11-05 22:19:51,653 [INFO] IPUIPlugin:80 - create IPUIPlugin
2024-11-05 22:19:51,653 [INFO] PluginManager:220 - loadIPPluginJar : add genericplugin
2024-11-05 22:19:51,746 [INFO] IPUIPlugin:80 - create IPUIPlugin
2024-11-05 22:19:51,746 [INFO] PluginManager:220 - loadIPPluginJar : add gfxmmu
2024-11-05 22:19:51,893 [INFO] IPUIPlugin:80 - create IPUIPlugin
2024-11-05 22:19:51,893 [INFO] PluginManager:220 - loadIPPluginJar : add gic
2024-11-05 22:19:51,909 [INFO] IPUIPlugin:80 - create IPUIPlugin
2024-11-05 22:19:51,909 [INFO] PluginManager:220 - loadIPPluginJar : add gpio
2024-11-05 22:19:52,010 [INFO] IPUIPlugin:80 - create IPUIPlugin
2024-11-05 22:19:52,011 [INFO] PluginManager:220 - loadIPPluginJar : add gtzc
2024-11-05 22:19:52,042 [INFO] IPUIPlugin:80 - create IPUIPlugin
2024-11-05 22:19:52,042 [INFO] PluginManager:220 - loadIPPluginJar : add hash
2024-11-05 22:19:52,098 [INFO] IPUIPlugin:80 - create IPUIPlugin
2024-11-05 22:19:52,098 [INFO] PluginManager:220 - loadIPPluginJar : add i2c
2024-11-05 22:19:52,145 [INFO] IPUIPlugin:80 - create IPUIPlugin
2024-11-05 22:19:52,145 [INFO] PluginManager:220 - loadIPPluginJar : add i2s
2024-11-05 22:19:52,188 [INFO] IPUIPlugin:80 - create IPUIPlugin
2024-11-05 22:19:52,188 [INFO] PluginManager:220 - loadIPPluginJar : add i3c
2024-11-05 22:19:52,303 [INFO] IPUIPlugin:80 - create IPUIPlugin
2024-11-05 22:19:52,303 [INFO] PluginManager:220 - loadIPPluginJar : add ipddr
2024-11-05 22:19:52,397 [INFO] IPUIPlugin:80 - create IPUIPlugin
2024-11-05 22:19:52,397 [INFO] PluginManager:220 - loadIPPluginJar : add linkedlist
2024-11-05 22:19:52,432 [INFO] IPUIPlugin:80 - create IPUIPlugin
2024-11-05 22:19:52,432 [INFO] PluginManager:220 - loadIPPluginJar : add lorawan
2024-11-05 22:19:52,478 [INFO] IPUIPlugin:80 - create IPUIPlugin
2024-11-05 22:19:52,479 [INFO] PluginManager:220 - loadIPPluginJar : add ltdc
2024-11-05 22:19:52,496 [INFO] IPUIPlugin:80 - create IPUIPlugin
2024-11-05 22:19:52,496 [INFO] PluginManager:220 - loadIPPluginJar : add mdma
2024-11-05 22:19:52,511 [INFO] IPUIPlugin:80 - create IPUIPlugin
2024-11-05 22:19:52,511 [INFO] PluginManager:220 - loadIPPluginJar : add nvic
2024-11-05 22:19:52,557 [INFO] IPUIPlugin:80 - create IPUIPlugin
2024-11-05 22:19:52,558 [INFO] PluginManager:220 - loadIPPluginJar : add opamp
2024-11-05 22:19:52,629 [INFO] IPUIPlugin:80 - create IPUIPlugin
2024-11-05 22:19:52,629 [INFO] PluginManager:220 - loadIPPluginJar : add openamp
2024-11-05 22:19:52,675 [INFO] IPUIPlugin:80 - create IPUIPlugin
2024-11-05 22:19:52,675 [INFO] PluginManager:220 - loadIPPluginJar : add pdm2pcm
2024-11-05 22:19:52,691 [INFO] IPUIPlugin:80 - create IPUIPlugin
2024-11-05 22:19:52,693 [INFO] PluginManager:220 - loadIPPluginJar : add plateformsettings
2024-11-05 22:19:52,716 [INFO] IPUIPlugin:80 - create IPUIPlugin
2024-11-05 22:19:52,716 [INFO] PluginManager:220 - loadIPPluginJar : add quadspi
2024-11-05 22:19:52,730 [INFO] IPUIPlugin:80 - create IPUIPlugin
2024-11-05 22:19:52,730 [INFO] PluginManager:220 - loadIPPluginJar : add resmgrutility
2024-11-05 22:19:52,781 [INFO] IPUIPlugin:80 - create IPUIPlugin
2024-11-05 22:19:52,782 [INFO] PluginManager:220 - loadIPPluginJar : add sai
2024-11-05 22:19:52,825 [INFO] IPUIPlugin:80 - create IPUIPlugin
2024-11-05 22:19:52,825 [INFO] PluginManager:220 - loadIPPluginJar : add spi
2024-11-05 22:19:52,906 [INFO] IPUIPlugin:80 - create IPUIPlugin
2024-11-05 22:19:52,906 [INFO] PluginManager:220 - loadIPPluginJar : add stm32_wpan
2024-11-05 22:19:52,932 [INFO] IPUIPlugin:80 - create IPUIPlugin
2024-11-05 22:19:52,932 [INFO] PluginManager:220 - loadIPPluginJar : add tim
2024-11-05 22:19:53,001 [INFO] IPUIPlugin:80 - create IPUIPlugin
2024-11-05 22:19:53,002 [INFO] PluginManager:220 - loadIPPluginJar : add touchsensing
2024-11-05 22:19:53,028 [INFO] IPUIPlugin:80 - create IPUIPlugin
2024-11-05 22:19:53,028 [INFO] PluginManager:220 - loadIPPluginJar : add tracer_emb
2024-11-05 22:19:53,054 [INFO] IPUIPlugin:80 - create IPUIPlugin
2024-11-05 22:19:53,054 [INFO] PluginManager:220 - loadIPPluginJar : add ts
2024-11-05 22:19:53,080 [INFO] IPUIPlugin:80 - create IPUIPlugin
2024-11-05 22:19:53,080 [INFO] PluginManager:220 - loadIPPluginJar : add tsc
2024-11-05 22:19:53,104 [INFO] IPUIPlugin:80 - create IPUIPlugin
2024-11-05 22:19:53,104 [INFO] PluginManager:220 - loadIPPluginJar : add ucpd
2024-11-05 22:19:53,156 [INFO] IPUIPlugin:80 - create IPUIPlugin
2024-11-05 22:19:53,156 [INFO] PluginManager:220 - loadIPPluginJar : add usart
2024-11-05 22:19:53,219 [INFO] IPUIPlugin:80 - create IPUIPlugin
2024-11-05 22:19:53,219 [INFO] PluginManager:220 - loadIPPluginJar : add usbx
2024-11-05 22:19:53,387 [INFO] CADModel:165 - CPN selected for project level
2024-11-05 22:19:53,387 [INFO] CADModel:114 - Register for checkConnection events
2024-11-05 22:19:53,388 [FATAL] Updater:308 - Updater called before beeing initialized
2024-11-05 22:19:53,388 [ERROR] CADModel:125 - Updater not yet initialized, retry later 
2024-11-05 22:19:53,518 [INFO] ThirdPartyUpdaterWithRetryManager:70 - Updater plugin not ready yet. [2/15]
2024-11-05 22:19:53,606 [INFO] CADModel:165 - CPN selected for project level
2024-11-05 22:19:53,606 [INFO] CADModel:114 - Register for checkConnection events
2024-11-05 22:19:53,606 [FATAL] Updater:308 - Updater called before beeing initialized
2024-11-05 22:19:53,607 [ERROR] CADModel:125 - Updater not yet initialized, retry later 
2024-11-05 22:19:53,610 [FATAL] Updater:308 - Updater called before beeing initialized
2024-11-05 22:19:53,778 [FATAL] Updater:308 - Updater called before beeing initialized
2024-11-05 22:19:53,794 [INFO] DbMcusAds:53 - JSON generation date=Fri Sep 20 18:34:23 IST 2024 (1726837463113)
2024-11-05 22:19:53,795 [FATAL] Updater:308 - Updater called before beeing initialized
2024-11-05 22:19:53,849 [WARN] DetailPanel:346 - Failed to get advertising image, set to default
2024-11-05 22:19:53,958 [FATAL] Updater:308 - Updater called before beeing initialized
2024-11-05 22:19:53,961 [FATAL] Updater:308 - Updater called before beeing initialized
2024-11-05 22:19:53,961 [FATAL] Updater:308 - Updater called before beeing initialized
2024-11-05 22:19:53,961 [WARN] DetailPanel:346 - Failed to get advertising image, set to default
2024-11-05 22:19:53,961 [FATAL] Updater:308 - Updater called before beeing initialized
2024-11-05 22:19:54,056 [ERROR] Updater:1120 - MainUpdater not yet initialized. External WinMGr cannot be set.
2024-11-05 22:19:54,072 [INFO] Updater:1056 - Updater Version found : 6.11.0
2024-11-05 22:19:54,109 [INFO] ApplicationProperties:184 - Using Application install path: C:\ST\STM32CubeIDE_1.15.0\STM32CubeIDE\plugins\com.st.stm32cube.common.mx_6.11.0.202403141607
2024-11-05 22:19:54,564 [INFO] MainUpdater:2873 - connection check result : 10
2024-11-05 22:19:54,564 [INFO] MainUpdater:3567 - Updater definition file requires update
2024-11-05 22:19:54,565 [INFO] MainUpdater:290 - Updater Check For Update Now.
2024-11-05 22:19:54,566 [INFO] MicroXplorer:498 - Change Database Version : DB.6.0.110
2024-11-05 22:19:54,589 [INFO] McuFinderGlobals:63 - Set McuFinder mode to 2 (CubeIDE integrated)
2024-11-05 22:19:54,607 [INFO] UserAuth:415 - Internet connection configuration mode: 1
2024-11-05 22:19:54,640 [INFO] JxBrowserEngine:152 - Initiate JxBrowser Engine with user profile folder
2024-11-05 22:19:54,641 [INFO] ServerAccessManage:473 - Download File updaters.zip
2024-11-05 22:19:54,770 [INFO] FileExtend:240 - Unzip File : updaters.zip
2024-11-05 22:19:54,771 [INFO] FileExtend:255 - Standard Zip Deflate
2024-11-05 22:19:55,575 [INFO] ServerAccessManage:473 - Download File PacksControlFlags.xml
2024-11-05 22:19:55,836 [INFO] ServerAccessManage:473 - Download File cubemx.pidx
2024-11-05 22:19:56,111 [INFO] LoadServerUpdatesThread:375 - End of LoadServerUpdate Thread
2024-11-05 22:19:56,520 [WARN] MainUpdater:1194 - Updater busy. Cannot search thirdparties
2024-11-05 22:19:56,520 [INFO] ThirdPartyUpdaterWithRetryManager:96 - Updater plugin is busy. [1/15]
2024-11-05 22:19:56,567 [INFO] CheckServerUpdateThread:120 - End of CheckServer Thread
2024-11-05 22:19:59,859 [WARN] PackLoader:240 - Cannot read IP mode file for STMicroelectronics.FP-SNS-MOTENVWB1.1.4.0
2024-11-05 22:19:59,886 [WARN] PackLoader:240 - Cannot read IP mode file for STMicroelectronics.X-CUBE-SMBUS.2.1.0
2024-11-05 22:19:59,914 [WARN] PackLoader:240 - Cannot read IP mode file for STMicroelectronics.X-CUBE-WB05N.1.1.0
2024-11-05 22:19:59,935 [WARN] PackLoader:240 - Cannot read IP mode file for STMicroelectronics.X-CUBE-TOUCHGFX.4.23.2
2024-11-05 22:20:00,006 [WARN] PackLoader:240 - Cannot read IP mode file for STMicroelectronics.X-CUBE-AZRTOS-F7.1.1.0
2024-11-05 22:20:00,198 [WARN] PackLoader:240 - Cannot read IP mode file for STMicroelectronics.X-CUBE-MEMS1.11.0.0
2024-11-05 22:20:00,652 [WARN] PackLoader:240 - Cannot read IP mode file for STMicroelectronics.FP-SNS-FLIGHT1.5.0.2
2024-11-05 22:20:00,692 [WARN] PackLoader:240 - Cannot read IP mode file for STMicroelectronics.X-CUBE-DISPLAY.3.0.0
2024-11-05 22:20:00,731 [WARN] PackLoader:240 - Cannot read IP mode file for STMicroelectronics.X-CUBE-BLE1.7.0.0
2024-11-05 22:20:00,757 [WARN] PackLoader:240 - Cannot read IP mode file for STMicroelectronics.X-CUBE-NFC10.1.0.0
2024-11-05 22:20:00,793 [WARN] PackLoader:240 - Cannot read IP mode file for emotas.I-CUBE-CANOPEN.1.3.0
2024-11-05 22:20:00,832 [WARN] PackLoader:240 - Cannot read IP mode file for STMicroelectronics.X-CUBE-BLEMGR.3.1.0
2024-11-05 22:20:00,860 [WARN] PackLoader:240 - Cannot read IP mode file for STMicroelectronics.FP-SNS-SMARTAG2.1.2.0
2024-11-05 22:20:00,897 [INFO] LogOutputStream:77 - [STDOUT_REDIRECT] 1 : Invalid condition id : UX_CORESTACK_Condition cause : null
2024-11-05 22:20:00,898 [INFO] LogOutputStream:77 - [STDOUT_REDIRECT] 1 : Invalid condition id : UX_CORESTACK_Condition cause : null
2024-11-05 22:20:00,902 [INFO] LogOutputStream:77 - [STDOUT_REDIRECT] 1 : Invalid condition id : UX_CORESTACK_Condition cause : null
2024-11-05 22:20:00,906 [INFO] LogOutputStream:77 - [STDOUT_REDIRECT] 1 : Invalid condition id : UX_CORESTACK_Condition cause : null
2024-11-05 22:20:00,909 [INFO] LogOutputStream:77 - [STDOUT_REDIRECT] 1 : Invalid condition id : UX_CORESTACK_Condition cause : null
2024-11-05 22:20:00,917 [WARN] PackLoader:240 - Cannot read IP mode file for STMicroelectronics.X-CUBE-AZRTOS-WL.2.0.0
2024-11-05 22:20:00,940 [WARN] PackLoader:240 - Cannot read IP mode file for wolfSSL.I-CUBE-wolfMQTT.1.19.0
2024-11-05 22:20:00,970 [WARN] PackLoader:240 - Cannot read IP mode file for WES.I-CUBE-Cesium.1.3.0
2024-11-05 22:20:00,998 [WARN] PackLoader:240 - Cannot read IP mode file for STMicroelectronics.X-CUBE-BLE2.3.3.0
2024-11-05 22:20:01,032 [WARN] PackLoader:240 - Cannot read IP mode file for STMicroelectronics.X-CUBE-NFC9.1.0.0
2024-11-05 22:20:01,061 [WARN] PackLoader:240 - Cannot read IP mode file for STMicroelectronics.X-CUBE-ALGOBUILD.1.3.0
2024-11-05 22:20:01,116 [WARN] PackLoader:240 - Cannot read IP mode file for STMicroelectronics.X-CUBE-AZRTOS-G0.1.1.0
2024-11-05 22:20:01,144 [WARN] PackLoader:240 - Cannot read IP mode file for STMicroelectronics.X-CUBE-NFC4.3.0.0
2024-11-05 22:20:01,178 [WARN] PackLoader:240 - Cannot read IP mode file for EmbeddedOffice.I-CUBE-FS-RTOS.1.0.1
2024-11-05 22:20:01,179 [ERROR] ConditionMgr:805 - Attr not supported : Dmpu
2024-11-05 22:20:01,179 [ERROR] ConditionMgr:805 - Attr not supported : Dmpu
2024-11-05 22:20:01,179 [ERROR] ConditionMgr:805 - Attr not supported : Dmpu
2024-11-05 22:20:01,179 [ERROR] ConditionMgr:805 - Attr not supported : Dmpu
2024-11-05 22:20:01,179 [ERROR] ConditionMgr:805 - Attr not supported : Dmpu
2024-11-05 22:20:01,179 [ERROR] ConditionMgr:805 - Attr not supported : Dmpu
2024-11-05 22:20:01,180 [ERROR] ConditionMgr:805 - Attr not supported : Dmpu
2024-11-05 22:20:01,180 [ERROR] ConditionMgr:805 - Attr not supported : Dmpu
2024-11-05 22:20:01,180 [ERROR] ConditionMgr:805 - Attr not supported : Dmpu
2024-11-05 22:20:01,180 [ERROR] ConditionMgr:805 - Attr not supported : Dmpu
2024-11-05 22:20:01,180 [ERROR] ConditionMgr:805 - Attr not supported : Dmpu
2024-11-05 22:20:01,180 [ERROR] ConditionMgr:805 - Attr not supported : Dmpu
2024-11-05 22:20:01,180 [ERROR] ConditionMgr:805 - Attr not supported : Dmpu
2024-11-05 22:20:01,181 [ERROR] ConditionMgr:805 - Attr not supported : Dmpu
2024-11-05 22:20:01,181 [ERROR] ConditionMgr:805 - Attr not supported : Dmpu
2024-11-05 22:20:01,181 [ERROR] ConditionMgr:805 - Attr not supported : Dmpu
2024-11-05 22:20:01,181 [ERROR] ConditionMgr:805 - Attr not supported : Dmpu
2024-11-05 22:20:01,181 [ERROR] ConditionMgr:805 - Attr not supported : Dmpu
2024-11-05 22:20:01,181 [ERROR] ConditionMgr:805 - Attr not supported : Dmpu
2024-11-05 22:20:01,181 [ERROR] ConditionMgr:805 - Attr not supported : Dmpu
2024-11-05 22:20:01,181 [ERROR] ConditionMgr:805 - Attr not supported : Dmpu
2024-11-05 22:20:01,182 [ERROR] ConditionMgr:805 - Attr not supported : Dmpu
2024-11-05 22:20:01,182 [ERROR] ConditionMgr:805 - Attr not supported : Dmpu
2024-11-05 22:20:01,182 [ERROR] ConditionMgr:805 - Attr not supported : Dmpu
2024-11-05 22:20:01,182 [ERROR] ConditionMgr:805 - Attr not supported : Dmpu
2024-11-05 22:20:01,182 [ERROR] ConditionMgr:805 - Attr not supported : Dmpu
2024-11-05 22:20:01,182 [ERROR] ConditionMgr:805 - Attr not supported : Dmpu
2024-11-05 22:20:01,182 [ERROR] ConditionMgr:805 - Attr not supported : Dmpu
2024-11-05 22:20:01,183 [ERROR] ConditionMgr:805 - Attr not supported : Dmpu
2024-11-05 22:20:01,183 [ERROR] ConditionMgr:805 - Attr not supported : Dmpu
2024-11-05 22:20:01,183 [ERROR] ConditionMgr:805 - Attr not supported : Dmpu
2024-11-05 22:20:01,183 [ERROR] ConditionMgr:805 - Attr not supported : Dmpu
2024-11-05 22:20:01,183 [ERROR] ConditionMgr:805 - Attr not supported : Dmpu
2024-11-05 22:20:01,183 [ERROR] ConditionMgr:805 - Attr not supported : Dmpu
2024-11-05 22:20:01,183 [ERROR] ConditionMgr:805 - Attr not supported : Dmpu
2024-11-05 22:20:01,184 [ERROR] ConditionMgr:805 - Attr not supported : Dmpu
2024-11-05 22:20:01,184 [ERROR] ConditionMgr:805 - Attr not supported : Dmpu
2024-11-05 22:20:01,184 [ERROR] ConditionMgr:805 - Attr not supported : Dmpu
2024-11-05 22:20:01,184 [ERROR] ConditionMgr:805 - Attr not supported : Dmpu
2024-11-05 22:20:01,184 [ERROR] ConditionMgr:805 - Attr not supported : Dmpu
2024-11-05 22:20:01,184 [ERROR] ConditionMgr:805 - Attr not supported : Dmpu
2024-11-05 22:20:01,185 [ERROR] ConditionMgr:805 - Attr not supported : Dmpu
2024-11-05 22:20:01,185 [ERROR] ConditionMgr:805 - Attr not supported : Dmpu
2024-11-05 22:20:01,185 [ERROR] ConditionMgr:805 - Attr not supported : Dmpu
2024-11-05 22:20:01,185 [ERROR] ConditionMgr:805 - Attr not supported : Dmpu
2024-11-05 22:20:01,185 [ERROR] ConditionMgr:805 - Attr not supported : Dmpu
2024-11-05 22:20:01,185 [ERROR] ConditionMgr:805 - Attr not supported : Dmpu
2024-11-05 22:20:01,186 [ERROR] ConditionMgr:805 - Attr not supported : Dmpu
2024-11-05 22:20:01,186 [ERROR] ConditionMgr:805 - Attr not supported : Dmpu
2024-11-05 22:20:01,186 [ERROR] ConditionMgr:805 - Attr not supported : Dmpu
2024-11-05 22:20:01,186 [ERROR] ConditionMgr:805 - Attr not supported : Dmpu
2024-11-05 22:20:01,186 [ERROR] ConditionMgr:805 - Attr not supported : Dmpu
2024-11-05 22:20:01,186 [ERROR] ConditionMgr:805 - Attr not supported : Dmpu
2024-11-05 22:20:01,186 [ERROR] ConditionMgr:805 - Attr not supported : Dmpu
2024-11-05 22:20:01,187 [ERROR] ConditionMgr:805 - Attr not supported : Dmpu
2024-11-05 22:20:01,187 [ERROR] ConditionMgr:805 - Attr not supported : Dmpu
2024-11-05 22:20:01,187 [ERROR] ConditionMgr:805 - Attr not supported : Dmpu
2024-11-05 22:20:01,187 [ERROR] ConditionMgr:805 - Attr not supported : Dmpu
2024-11-05 22:20:01,187 [ERROR] ConditionMgr:805 - Attr not supported : Dmpu
2024-11-05 22:20:01,187 [ERROR] ConditionMgr:805 - Attr not supported : Dmpu
2024-11-05 22:20:01,187 [ERROR] ConditionMgr:805 - Attr not supported : Dmpu
2024-11-05 22:20:01,188 [ERROR] ConditionMgr:805 - Attr not supported : Dmpu
2024-11-05 22:20:01,188 [ERROR] ConditionMgr:805 - Attr not supported : Dmpu
2024-11-05 22:20:01,188 [ERROR] ConditionMgr:805 - Attr not supported : Dmpu
2024-11-05 22:20:01,215 [WARN] PackLoader:240 - Cannot read IP mode file for RealThread.X-CUBE-RT-Thread_Nano.4.1.1
2024-11-05 22:20:01,239 [WARN] PackLoader:240 - Cannot read IP mode file for STMicroelectronics.FP-ATR-SIGFOX1.3.2.0
2024-11-05 22:20:01,270 [WARN] PackLoader:240 - Cannot read IP mode file for STMicroelectronics.X-CUBE-EEPRMA1.5.1.0
2024-11-05 22:20:01,304 [WARN] PackLoader:240 - Cannot read IP mode file for ITTIA_DB.I-CUBE-ITTIADB.8.9.0
2024-11-05 22:20:01,385 [WARN] PackLoader:240 - Cannot read IP mode file for SEGGER.I-CUBE-embOS.1.3.1
2024-11-05 22:20:01,493 [WARN] PackLoader:240 - Cannot read IP mode file for STMicroelectronics.X-CUBE-ALGOBUILD.1.4.0
2024-11-05 22:20:01,519 [WARN] PackLoader:240 - Cannot read IP mode file for STMicroelectronics.X-CUBE-AI.9.1.0
2024-11-05 22:20:01,545 [WARN] PackLoader:240 - Cannot read IP mode file for STMicroelectronics.X-CUBE-GNSS1.6.0.0
2024-11-05 22:20:01,595 [WARN] PackLoader:240 - Cannot read IP mode file for STMicroelectronics.X-CUBE-AZRTOS-F4.1.1.0
2024-11-05 22:20:01,623 [WARN] PackLoader:240 - Cannot read IP mode file for STMicroelectronics.X-CUBE-ISPU.2.1.0
2024-11-05 22:20:01,642 [WARN] PackLoader:240 - Cannot read IP mode file for STMicroelectronics.X-CUBE-FREERTOS.1.2.0
2024-11-05 22:20:01,694 [WARN] PackLoader:240 - Cannot read IP mode file for STMicroelectronics.X-CUBE-AZRTOS-L5.2.0.0
2024-11-05 22:20:01,718 [WARN] PackLoader:240 - Cannot read IP mode file for STMicroelectronics.X-CUBE-DPower.1.2.0
2024-11-05 22:20:01,736 [WARN] PackLoader:240 - Cannot read IP mode file for STMicroelectronics.X-CUBE-AI.9.0.0
2024-11-05 22:20:01,762 [WARN] PackLoader:240 - Cannot read IP mode file for STMicroelectronics.X-CUBE-NFC7.1.0.1
2024-11-05 22:20:01,783 [WARN] PackLoader:240 - Cannot read IP mode file for wolfSSL.I-CUBE-wolfTPM.3.2.0
2024-11-05 22:20:01,806 [WARN] PackLoader:240 - Cannot read IP mode file for STMicroelectronics.X-CUBE-AI.8.1.0
2024-11-05 22:20:01,866 [WARN] ConditionMgr:438 - getConditionDescription Invalid condition id : LAN8742 Phy interface Condition cause : null
2024-11-05 22:20:01,868 [WARN] PackLoader:240 - Cannot read IP mode file for STMicroelectronics.X-CUBE-AZRTOS-L4.2.0.0
2024-11-05 22:20:01,871 [WARN] ConditionMgr:1039 - genDependencies : Invalid condition id : LAN8742 Phy interface Condition cause : null
2024-11-05 22:20:01,871 [WARN] ConditionMgr:1039 - genDependencies : Invalid condition id : LAN8742 Phy interface Condition cause : null
2024-11-05 22:20:01,872 [WARN] ConditionMgr:1039 - genDependencies : Invalid condition id : LAN8742 Phy interface Condition cause : null
2024-11-05 22:20:01,900 [WARN] PackLoader:240 - Cannot read IP mode file for STMicroelectronics.X-CUBE-SFXS2LP1.4.0.0
2024-11-05 22:20:01,959 [WARN] PackLoader:240 - Cannot read IP mode file for STMicroelectronics.X-CUBE-AZRTOS-H7.3.3.0
2024-11-05 22:20:02,005 [WARN] PackLoader:240 - Cannot read IP mode file for STMicroelectronics.X-CUBE-IPS.3.0.0
2024-11-05 22:20:02,061 [WARN] ConditionMgr:438 - getConditionDescription Invalid condition id : UX DEVICE CLASS RTOS Condition cause : null
2024-11-05 22:20:02,062 [WARN] ConditionMgr:438 - getConditionDescription Invalid condition id : UX DEVICE CLASS RTOS Condition cause : null
2024-11-05 22:20:02,066 [WARN] PackLoader:240 - Cannot read IP mode file for STMicroelectronics.X-CUBE-AZRTOS-WB.2.0.0
2024-11-05 22:20:02,066 [WARN] ConditionMgr:1039 - genDependencies : Invalid condition id : UX DEVICE CLASS RTOS Condition cause : null
2024-11-05 22:20:02,067 [WARN] ConditionMgr:1039 - genDependencies : Invalid condition id : UX DEVICE CLASS RTOS Condition cause : null
2024-11-05 22:20:02,067 [WARN] ConditionMgr:1039 - genDependencies : Invalid condition id : UX DEVICE CLASS RTOS Condition cause : null
2024-11-05 22:20:02,068 [WARN] ConditionMgr:1039 - genDependencies : Invalid condition id : UX DEVICE CLASS RTOS Condition cause : null
2024-11-05 22:20:02,068 [WARN] ConditionMgr:1039 - genDependencies : Invalid condition id : UX DEVICE CLASS RTOS Condition cause : null
2024-11-05 22:20:02,095 [WARN] PackLoader:240 - Cannot read IP mode file for STMicroelectronics.X-CUBE-GNSS1.7.0.0
2024-11-05 22:20:02,123 [WARN] PackLoader:240 - Cannot read IP mode file for STMicroelectronics.FP-SNS-STBOX1.2.0.0
2024-11-05 22:20:02,166 [WARN] PackLoader:240 - Cannot read IP mode file for STMicroelectronics.X-CUBE-SUBG2.5.0.0
2024-11-05 22:20:02,199 [WARN] PackLoader:240 - Cannot read IP mode file for Cesanta.I-CUBE-Mongoose.7.13.0
2024-11-05 22:20:02,251 [WARN] PackLoader:240 - Cannot read IP mode file for STMicroelectronics.X-CUBE-AZRTOS-G4.2.0.0
2024-11-05 22:20:02,276 [WARN] PackLoader:240 - Cannot read IP mode file for STMicroelectronics.FP-SNS-MOTENVWB1.1.3.1
2024-11-05 22:20:02,298 [WARN] PackLoader:240 - Cannot read IP mode file for STMicroelectronics.X-CUBE-ISPU.2.0.0
2024-11-05 22:20:02,319 [WARN] PackLoader:240 - Cannot read IP mode file for STMicroelectronics.X-CUBE-ALS.1.0.2
2024-11-05 22:20:02,440 [WARN] PackLoader:240 - Cannot read IP mode file for STMicroelectronics.X-CUBE-MEMS1.10.0.0
2024-11-05 22:20:02,641 [WARN] PackLoader:240 - Cannot read IP mode file for STMicroelectronics.X-CUBE-FREERTOS.1.1.0
2024-11-05 22:20:02,660 [WARN] PackLoader:240 - Cannot read IP mode file for STMicroelectronics.X-CUBE-TOUCHGFX.4.24.0
2024-11-05 22:20:02,682 [WARN] PackLoader:240 - Cannot read IP mode file for STMicroelectronics.X-CUBE-TOUCHGFX.4.24.1
2024-11-05 22:20:02,705 [WARN] PackLoader:240 - Cannot read IP mode file for portGmbH.I-Cube-SoM-uGOAL.1.1.0
2024-11-05 22:20:02,726 [WARN] PackLoader:240 - Cannot read IP mode file for STMicroelectronics.X-CUBE-ALS.1.0.1
2024-11-05 22:20:02,781 [WARN] PackLoader:240 - Cannot read IP mode file for STMicroelectronics.X-CUBE-AZRTOS-H7RS.1.0.0
2024-11-05 22:20:02,801 [WARN] PackLoader:240 - Cannot read IP mode file for STMicroelectronics.FP-ATR-ASTRA1.2.0.0
2024-11-05 22:20:02,834 [WARN] PackLoader:240 - Cannot read IP mode file for STMicroelectronics.X-CUBE-TOF1.3.4.2
2024-11-05 22:20:02,882 [WARN] PackLoader:240 - Cannot read IP mode file for STMicroelectronics.X-CUBE-TOF1.3.4.1
2024-11-05 22:20:02,951 [WARN] PackLoader:240 - Cannot read IP mode file for STMicroelectronics.X-CUBE-AZRTOS-H7.3.2.0
2024-11-05 22:20:02,999 [WARN] PackLoader:240 - Cannot read IP mode file for Infineon.AIROC-Wi-Fi-Bluetooth-STM32.1.6.0
2024-11-05 22:20:03,025 [WARN] PackLoader:240 - Cannot read IP mode file for wolfSSL.I-CUBE-wolfSSH.1.4.17
2024-11-05 22:20:03,025 [INFO] ThirdParty:978 - Integrity check success = true
2024-11-05 22:20:03,026 [INFO] IntegrityCheckThread:100 - exiting critical section [integrity check]
2024-11-05 22:20:03,026 [INFO] IntegrityCheckThread:103 - End integrity checks thread
2024-11-05 22:20:08,958 [INFO] WebApp:161 - Instantiating new browser for Auth
2024-11-05 22:20:09,955 [INFO] WebApp:779 - Register for checkConnection events
2024-11-05 22:20:09,956 [INFO] WebApp:414 - Apply proxy settings
2024-11-05 22:20:09,956 [INFO] WebApp:499 - Chromium requires no authentication
2024-11-05 22:20:09,970 [INFO] WebApp:442 - Direct internet connection detected
2024-11-05 22:20:10,260 [INFO] WebApp:192 - Starting web application
2024-11-05 22:20:10,260 [INFO] WebApp:544 - Web application path used C:\ST\STM32CubeIDE_1.15.0\STM32CubeIDE\plugins\com.st.stm32cube.common.mx_6.11.0.202403141607\db\plugins\mcufinder\reactClient1\index.html
2024-11-05 22:57:17,919 [ERROR] LogOutputStream:75 - [STDERR_REDIRECT] 
2024-11-05 23:12:26,384 [INFO] Activator:176 - 


2024-11-05 23:12:26,393 [INFO] Activator:177 - !SESSION log4j initialized
2024-11-05 23:12:35,184 [INFO] LogOutputStream:77 - [STDOUT_REDIRECT] 
2024-11-05 23:12:36,902 [INFO] ApplicationProperties:184 - Using Application install path: C:\ST\STM32CubeIDE_1.15.0\STM32CubeIDE\plugins\com.st.stm32cube.common.mx_6.11.0.202403141607
2024-11-05 23:12:36,933 [INFO] DbMcusXml:78 - Set database path to: C:\ST\STM32CubeIDE_1.15.0\STM32CubeIDE\plugins\com.st.stm32cube.common.mx_6.11.0.202403141607\\db\/mcu/
2024-11-05 23:12:36,933 [INFO] ApiDb:274 - Set plugin database path to: C:\ST\STM32CubeIDE_1.15.0\STM32CubeIDE\plugins\com.st.stm32cube.common.mx_6.11.0.202403141607\\db\/plugins/boardmanager/
2024-11-05 23:12:36,933 [WARN] ApiDb:259 - Overriding images path with different value:  => C:\ST\STM32CubeIDE_1.15.0\STM32CubeIDE\plugins\com.st.stm32cube.common.mx_6.11.0.202403141607\\db\/plugins/mcufinder/images/
2024-11-05 23:12:36,955 [INFO] ApiDb:250 - Set database path to: C:\Users\Sandip\.stmcufinder\plugins\mcufinder//mcu/
2024-11-05 23:12:36,957 [INFO] DbMcusAds:125 - Set database path to: C:\Users\Sandip\.stmcufinder\plugins\mcufinder//mcu/
2024-11-05 23:12:36,960 [INFO] CrossReferenceDbSqlite:203 - Set database path to: C:\Users\Sandip\.stmcufinder\plugins\mcufinder//mcu/cs/
2024-11-05 23:12:37,130 [INFO] RulesReader:64 - Compatibility file has been processed (297 Rules)
2024-11-05 23:12:37,292 [INFO] DbMcusXml:78 - Set database path to: C:\ST\STM32CubeIDE_1.15.0\STM32CubeIDE\plugins\com.st.stm32cube.common.mx_6.11.0.202403141607\\db\/mcu/
2024-11-05 23:12:37,292 [INFO] ApiDb:274 - Set plugin database path to: C:\ST\STM32CubeIDE_1.15.0\STM32CubeIDE\plugins\com.st.stm32cube.common.mx_6.11.0.202403141607\\db\/plugins/boardmanager/
2024-11-05 23:12:37,292 [INFO] ApiDb:261 - Set plugin images path to: C:\ST\STM32CubeIDE_1.15.0\STM32CubeIDE\plugins\com.st.stm32cube.common.mx_6.11.0.202403141607\\db\/plugins/mcufinder/images/
2024-11-05 23:12:37,293 [WARN] DbFile:41 - Overriding database path with different value: C:\Users\Sandip\.stmcufinder\plugins\mcufinder/ => C:\Users\Sandip\.stmcufinder\plugins\mcufinder
2024-11-05 23:12:37,293 [INFO] ApiDb:250 - Set database path to: C:\Users\Sandip\.stmcufinder\plugins\mcufinder//mcu/
2024-11-05 23:12:37,293 [WARN] DbFile:41 - Overriding database path with different value: C:\Users\Sandip\.stmcufinder\plugins\mcufinder/ => C:\Users\Sandip\.stmcufinder\plugins\mcufinder
2024-11-05 23:12:37,293 [INFO] DbMcusAds:125 - Set database path to: C:\Users\Sandip\.stmcufinder\plugins\mcufinder//mcu/
2024-11-05 23:12:37,293 [WARN] DbFile:41 - Overriding database path with different value: C:\Users\Sandip\.stmcufinder\plugins\mcufinder/ => C:\Users\Sandip\.stmcufinder\plugins\mcufinder
2024-11-05 23:12:37,293 [WARN] DbFile:41 - Overriding database path with different value: C:\Users\Sandip\.stmcufinder\plugins\mcufinder/ => C:\Users\Sandip\.stmcufinder\plugins\mcufinder
2024-11-05 23:12:37,293 [INFO] CrossReferenceDbSqlite:203 - Set database path to: C:\Users\Sandip\.stmcufinder\plugins\mcufinder//mcu/cs/
2024-11-05 23:12:37,407 [INFO] MainPanel:264 - HeapMemory: 268435456
2024-11-05 23:12:37,586 [INFO] DbMcusXml:78 - Set database path to: C:\ST\STM32CubeIDE_1.15.0\STM32CubeIDE\plugins\com.st.stm32cube.common.mx_6.11.0.202403141607\\db\/mcu/
2024-11-05 23:12:37,587 [INFO] ApiDb:274 - Set plugin database path to: C:\ST\STM32CubeIDE_1.15.0\STM32CubeIDE\plugins\com.st.stm32cube.common.mx_6.11.0.202403141607\\db\/plugins/boardmanager/
2024-11-05 23:12:37,587 [INFO] ApiDb:261 - Set plugin images path to: C:\ST\STM32CubeIDE_1.15.0\STM32CubeIDE\plugins\com.st.stm32cube.common.mx_6.11.0.202403141607\\db\/plugins/mcufinder/images/
2024-11-05 23:12:37,587 [WARN] DbFile:41 - Overriding database path with different value: C:\Users\Sandip\.stmcufinder\plugins\mcufinder/ => C:\Users\Sandip\.stmcufinder\plugins\mcufinder
2024-11-05 23:12:37,587 [INFO] ApiDb:250 - Set database path to: C:\Users\Sandip\.stmcufinder\plugins\mcufinder//mcu/
2024-11-05 23:12:37,587 [WARN] DbFile:41 - Overriding database path with different value: C:\Users\Sandip\.stmcufinder\plugins\mcufinder/ => C:\Users\Sandip\.stmcufinder\plugins\mcufinder
2024-11-05 23:12:37,587 [INFO] DbMcusAds:125 - Set database path to: C:\Users\Sandip\.stmcufinder\plugins\mcufinder//mcu/
2024-11-05 23:12:37,587 [WARN] DbFile:41 - Overriding database path with different value: C:\Users\Sandip\.stmcufinder\plugins\mcufinder/ => C:\Users\Sandip\.stmcufinder\plugins\mcufinder
2024-11-05 23:12:37,588 [WARN] DbFile:41 - Overriding database path with different value: C:\Users\Sandip\.stmcufinder\plugins\mcufinder/ => C:\Users\Sandip\.stmcufinder\plugins\mcufinder
2024-11-05 23:12:37,588 [INFO] CrossReferenceDbSqlite:203 - Set database path to: C:\Users\Sandip\.stmcufinder\plugins\mcufinder//mcu/cs/
2024-11-05 23:12:37,610 [INFO] ApplicationProperties:184 - Using Application install path: C:\ST\STM32CubeIDE_1.15.0\STM32CubeIDE\plugins\com.st.stm32cube.common.mx_6.11.0.202403141607
2024-11-05 23:12:37,612 [INFO] PluginManage:196 - Search for loadable plugins [exclusion list=, ]
2024-11-05 23:12:37,630 [INFO] PluginManage:310 - Check plugin analytics
2024-11-05 23:12:37,960 [INFO] AnalyticsPlugin:253 - Accepted Software Licenses: STM32CubeMX.6.11.0
2024-11-05 23:12:37,960 [INFO] AnalyticsPlugin:255 - Accepted CMSIS Pack Licenses: 
2024-11-05 23:12:37,960 [INFO] AnalyticsPlugin:257 - Accepted Firmware Licenses: FW.F4.1.28.0
2024-11-05 23:12:37,965 [INFO] PluginManage:359 - Loaded plugin analytics (category:tool,tabindex:-1)
2024-11-05 23:12:37,965 [INFO] PluginManage:310 - Check plugin cadmodel
2024-11-05 23:12:37,995 [INFO] CADModel:105 - Init CAD model plugin
2024-11-05 23:12:37,995 [INFO] PluginManage:359 - Loaded plugin cadmodel (category:power,tabindex:5)
2024-11-05 23:12:37,996 [INFO] PluginManage:310 - Check plugin clock
2024-11-05 23:12:38,034 [INFO] PluginManage:359 - Loaded plugin clock (category:base,tabindex:2)
2024-11-05 23:12:38,035 [INFO] PluginManage:310 - Check plugin ddr
2024-11-05 23:12:38,038 [INFO] PluginManage:359 - Loaded plugin ddr (category:tool,tabindex:6)
2024-11-05 23:12:38,039 [INFO] PluginManage:310 - Check plugin filemanager
2024-11-05 23:12:38,255 [INFO] PluginManage:359 - Loaded plugin filemanager (category:base,tabindex:10)
2024-11-05 23:12:38,256 [INFO] PluginManage:310 - Check plugin ipmanager
2024-11-05 23:12:38,265 [INFO] PluginManage:359 - Loaded plugin ipmanager (category:base,tabindex:5)
2024-11-05 23:12:38,265 [INFO] PluginManage:310 - Check plugin lpbam
2024-11-05 23:12:38,283 [INFO] PluginManage:359 - Loaded plugin lpbam (category:base,tabindex:0)
2024-11-05 23:12:38,283 [INFO] PluginManage:310 - Check plugin memorymap
2024-11-05 23:12:38,314 [INFO] PluginManage:359 - Loaded plugin memorymap (category:base,tabindex:4)
2024-11-05 23:12:38,314 [INFO] PluginManage:310 - Check plugin pinoutandconfiguration
2024-11-05 23:12:38,335 [INFO] PluginManage:359 - Loaded plugin pinoutandconfiguration (category:base,tabindex:1)
2024-11-05 23:12:38,335 [INFO] PluginManage:310 - Check plugin pinoutconfig
2024-11-05 23:12:38,491 [WARN] SupportedApi:132 - Cannot load RTOS API schema: s4s-elt-must-match.1: The content of 'definitions' must match (annotation?, (simpleType | complexType)?, (unique | key | keyref)*)). A problem was found starting at: attribute.
2024-11-05 23:12:38,692 [INFO] PluginManage:359 - Loaded plugin pinoutconfig (category:base,tabindex:0)
2024-11-05 23:12:38,692 [INFO] PluginManage:310 - Check plugin power
2024-11-05 23:12:38,721 [INFO] PluginManage:359 - Loaded plugin power (category:power,tabindex:4)
2024-11-05 23:12:38,722 [INFO] PluginManage:310 - Check plugin projectmanager
2024-11-05 23:12:38,751 [INFO] PluginManage:359 - Loaded plugin projectmanager (category:projectmanager,tabindex:3)
2024-11-05 23:12:38,751 [INFO] PluginManage:310 - Check plugin thirdparty
2024-11-05 23:12:39,194 [INFO] PluginManage:359 - Loaded plugin thirdparty (category:base,tabindex:-1)
2024-11-05 23:12:39,194 [WARN] IntegrityCheckThread:84 - waiting for thirdparty lock release [integrity check]
2024-11-05 23:12:39,195 [INFO] PluginManage:310 - Check plugin tools
2024-11-05 23:12:39,195 [INFO] IntegrityCheckThread:86 - entering critical section [integrity check]
2024-11-05 23:12:39,196 [INFO] ThirdPartyUpdaterWithRetryManager:70 - Updater plugin not ready yet. [1/15]
2024-11-05 23:12:39,248 [INFO] PluginManage:359 - Loaded plugin tools (category:base,tabindex:7)
2024-11-05 23:12:39,248 [INFO] PluginManage:310 - Check plugin tutovideos
2024-11-05 23:12:39,535 [INFO] PluginManage:359 - Loaded plugin tutovideos (category:base,tabindex:-1)
2024-11-05 23:12:39,535 [INFO] PluginManage:310 - Check plugin updater
2024-11-05 23:12:39,553 [INFO] PluginManage:359 - Loaded plugin updater (category:base,tabindex:12)
2024-11-05 23:12:39,553 [INFO] PluginManage:310 - Check plugin userauth
2024-11-05 23:12:39,561 [INFO] UserAuth:114 - Init User Auth plugin
2024-11-05 23:12:39,561 [INFO] PluginManage:359 - Loaded plugin userauth (category:base,tabindex:14)
2024-11-05 23:12:39,562 [INFO] PluginManage:283 - PluginManage : Loaded plugins [17]
2024-11-05 23:12:39,901 [INFO] PinOutPanel:1561 - setPackage(No Configuration,No Configuration)
2024-11-05 23:12:40,001 [INFO] CADModel:165 - CPN selected for project level
2024-11-05 23:12:40,001 [INFO] CADModel:114 - Register for checkConnection events
2024-11-05 23:12:40,036 [INFO] IPUIPlugin:80 - create IPUIPlugin
2024-11-05 23:12:40,037 [INFO] PluginManager:220 - loadIPPluginJar : add adc
2024-11-05 23:12:40,083 [INFO] IPUIPlugin:80 - create IPUIPlugin
2024-11-05 23:12:40,083 [INFO] PluginManager:220 - loadIPPluginJar : add aes
2024-11-05 23:12:40,131 [INFO] IPUIPlugin:80 - create IPUIPlugin
2024-11-05 23:12:40,132 [INFO] PluginManager:220 - loadIPPluginJar : add can
2024-11-05 23:12:40,158 [INFO] IPUIPlugin:80 - create IPUIPlugin
2024-11-05 23:12:40,159 [INFO] PluginManager:220 - loadIPPluginJar : add comp
2024-11-05 23:12:40,193 [INFO] IPUIPlugin:80 - create IPUIPlugin
2024-11-05 23:12:40,193 [INFO] PluginManager:220 - loadIPPluginJar : add cryp
2024-11-05 23:12:40,225 [INFO] IPUIPlugin:80 - create IPUIPlugin
2024-11-05 23:12:40,225 [INFO] PluginManager:220 - loadIPPluginJar : add dfsdm
2024-11-05 23:12:40,241 [INFO] IPUIPlugin:80 - create IPUIPlugin
2024-11-05 23:12:40,241 [INFO] PluginManager:220 - loadIPPluginJar : add dma
2024-11-05 23:12:40,286 [INFO] IPUIPlugin:80 - create IPUIPlugin
2024-11-05 23:12:40,286 [INFO] PluginManager:220 - loadIPPluginJar : add dma3
2024-11-05 23:12:40,334 [INFO] IPUIPlugin:80 - create IPUIPlugin
2024-11-05 23:12:40,334 [INFO] PluginManager:220 - loadIPPluginJar : add extmemmanager
2024-11-05 23:12:40,356 [INFO] IPUIPlugin:80 - create IPUIPlugin
2024-11-05 23:12:40,356 [INFO] PluginManager:220 - loadIPPluginJar : add fatfs
2024-11-05 23:12:40,406 [INFO] IPUIPlugin:80 - create IPUIPlugin
2024-11-05 23:12:40,406 [INFO] PluginManager:220 - loadIPPluginJar : add fmc
2024-11-05 23:12:40,422 [INFO] IPUIPlugin:80 - create IPUIPlugin
2024-11-05 23:12:40,422 [INFO] PluginManager:220 - loadIPPluginJar : add freertos
2024-11-05 23:12:40,445 [INFO] IPUIPlugin:80 - create IPUIPlugin
2024-11-05 23:12:40,445 [INFO] PluginManager:220 - loadIPPluginJar : add genericplugin
2024-11-05 23:12:40,544 [INFO] IPUIPlugin:80 - create IPUIPlugin
2024-11-05 23:12:40,544 [INFO] PluginManager:220 - loadIPPluginJar : add gfxmmu
2024-11-05 23:12:40,677 [INFO] IPUIPlugin:80 - create IPUIPlugin
2024-11-05 23:12:40,678 [INFO] PluginManager:220 - loadIPPluginJar : add gic
2024-11-05 23:12:40,691 [INFO] IPUIPlugin:80 - create IPUIPlugin
2024-11-05 23:12:40,691 [INFO] PluginManager:220 - loadIPPluginJar : add gpio
2024-11-05 23:12:40,788 [INFO] IPUIPlugin:80 - create IPUIPlugin
2024-11-05 23:12:40,788 [INFO] PluginManager:220 - loadIPPluginJar : add gtzc
2024-11-05 23:12:40,821 [INFO] IPUIPlugin:80 - create IPUIPlugin
2024-11-05 23:12:40,821 [INFO] PluginManager:220 - loadIPPluginJar : add hash
2024-11-05 23:12:40,877 [INFO] IPUIPlugin:80 - create IPUIPlugin
2024-11-05 23:12:40,877 [INFO] PluginManager:220 - loadIPPluginJar : add i2c
2024-11-05 23:12:40,924 [INFO] IPUIPlugin:80 - create IPUIPlugin
2024-11-05 23:12:40,924 [INFO] PluginManager:220 - loadIPPluginJar : add i2s
2024-11-05 23:12:40,967 [INFO] IPUIPlugin:80 - create IPUIPlugin
2024-11-05 23:12:40,967 [INFO] PluginManager:220 - loadIPPluginJar : add i3c
2024-11-05 23:12:41,078 [INFO] IPUIPlugin:80 - create IPUIPlugin
2024-11-05 23:12:41,078 [INFO] PluginManager:220 - loadIPPluginJar : add ipddr
2024-11-05 23:12:41,177 [INFO] IPUIPlugin:80 - create IPUIPlugin
2024-11-05 23:12:41,177 [INFO] PluginManager:220 - loadIPPluginJar : add linkedlist
2024-11-05 23:12:41,242 [INFO] IPUIPlugin:80 - create IPUIPlugin
2024-11-05 23:12:41,243 [INFO] PluginManager:220 - loadIPPluginJar : add lorawan
2024-11-05 23:12:41,316 [INFO] IPUIPlugin:80 - create IPUIPlugin
2024-11-05 23:12:41,317 [INFO] PluginManager:220 - loadIPPluginJar : add ltdc
2024-11-05 23:12:41,337 [INFO] IPUIPlugin:80 - create IPUIPlugin
2024-11-05 23:12:41,337 [INFO] PluginManager:220 - loadIPPluginJar : add mdma
2024-11-05 23:12:41,353 [INFO] IPUIPlugin:80 - create IPUIPlugin
2024-11-05 23:12:41,354 [INFO] PluginManager:220 - loadIPPluginJar : add nvic
2024-11-05 23:12:41,397 [INFO] IPUIPlugin:80 - create IPUIPlugin
2024-11-05 23:12:41,397 [INFO] PluginManager:220 - loadIPPluginJar : add opamp
2024-11-05 23:12:41,472 [INFO] IPUIPlugin:80 - create IPUIPlugin
2024-11-05 23:12:41,472 [INFO] PluginManager:220 - loadIPPluginJar : add openamp
2024-11-05 23:12:41,520 [INFO] IPUIPlugin:80 - create IPUIPlugin
2024-11-05 23:12:41,520 [INFO] PluginManager:220 - loadIPPluginJar : add pdm2pcm
2024-11-05 23:12:41,536 [INFO] IPUIPlugin:80 - create IPUIPlugin
2024-11-05 23:12:41,538 [INFO] PluginManager:220 - loadIPPluginJar : add plateformsettings
2024-11-05 23:12:41,564 [INFO] IPUIPlugin:80 - create IPUIPlugin
2024-11-05 23:12:41,564 [INFO] PluginManager:220 - loadIPPluginJar : add quadspi
2024-11-05 23:12:41,579 [INFO] IPUIPlugin:80 - create IPUIPlugin
2024-11-05 23:12:41,579 [INFO] PluginManager:220 - loadIPPluginJar : add resmgrutility
2024-11-05 23:12:41,634 [INFO] IPUIPlugin:80 - create IPUIPlugin
2024-11-05 23:12:41,634 [INFO] PluginManager:220 - loadIPPluginJar : add sai
2024-11-05 23:12:41,674 [INFO] IPUIPlugin:80 - create IPUIPlugin
2024-11-05 23:12:41,674 [INFO] PluginManager:220 - loadIPPluginJar : add spi
2024-11-05 23:12:41,752 [INFO] IPUIPlugin:80 - create IPUIPlugin
2024-11-05 23:12:41,752 [INFO] PluginManager:220 - loadIPPluginJar : add stm32_wpan
2024-11-05 23:12:41,782 [INFO] IPUIPlugin:80 - create IPUIPlugin
2024-11-05 23:12:41,783 [INFO] PluginManager:220 - loadIPPluginJar : add tim
2024-11-05 23:12:41,862 [INFO] IPUIPlugin:80 - create IPUIPlugin
2024-11-05 23:12:41,863 [INFO] PluginManager:220 - loadIPPluginJar : add touchsensing
2024-11-05 23:12:41,867 [INFO] IPUIPlugin:80 - create IPUIPlugin
2024-11-05 23:12:41,867 [INFO] PluginManager:220 - loadIPPluginJar : add tracer_emb
2024-11-05 23:12:41,896 [INFO] IPUIPlugin:80 - create IPUIPlugin
2024-11-05 23:12:41,896 [INFO] PluginManager:220 - loadIPPluginJar : add ts
2024-11-05 23:12:41,926 [INFO] IPUIPlugin:80 - create IPUIPlugin
2024-11-05 23:12:41,927 [INFO] PluginManager:220 - loadIPPluginJar : add tsc
2024-11-05 23:12:41,957 [INFO] IPUIPlugin:80 - create IPUIPlugin
2024-11-05 23:12:41,957 [INFO] PluginManager:220 - loadIPPluginJar : add ucpd
2024-11-05 23:12:42,015 [INFO] IPUIPlugin:80 - create IPUIPlugin
2024-11-05 23:12:42,016 [INFO] PluginManager:220 - loadIPPluginJar : add usart
2024-11-05 23:12:42,080 [INFO] IPUIPlugin:80 - create IPUIPlugin
2024-11-05 23:12:42,080 [INFO] PluginManager:220 - loadIPPluginJar : add usbx
2024-11-05 23:12:42,196 [INFO] ThirdPartyUpdaterWithRetryManager:70 - Updater plugin not ready yet. [2/15]
2024-11-05 23:12:42,245 [INFO] CADModel:165 - CPN selected for project level
2024-11-05 23:12:42,246 [INFO] CADModel:114 - Register for checkConnection events
2024-11-05 23:12:42,247 [FATAL] Updater:308 - Updater called before beeing initialized
2024-11-05 23:12:42,247 [ERROR] CADModel:125 - Updater not yet initialized, retry later 
2024-11-05 23:12:42,511 [INFO] CADModel:165 - CPN selected for project level
2024-11-05 23:12:42,511 [INFO] CADModel:114 - Register for checkConnection events
2024-11-05 23:12:42,511 [FATAL] Updater:308 - Updater called before beeing initialized
2024-11-05 23:12:42,511 [ERROR] CADModel:125 - Updater not yet initialized, retry later 
2024-11-05 23:12:42,515 [FATAL] Updater:308 - Updater called before beeing initialized
2024-11-05 23:12:42,685 [FATAL] Updater:308 - Updater called before beeing initialized
2024-11-05 23:12:42,697 [INFO] DbMcusAds:53 - JSON generation date=Fri Sep 20 18:34:23 IST 2024 (1726837463113)
2024-11-05 23:12:42,697 [FATAL] Updater:308 - Updater called before beeing initialized
2024-11-05 23:12:42,774 [WARN] DetailPanel:346 - Failed to get advertising image, set to default
2024-11-05 23:12:42,951 [FATAL] Updater:308 - Updater called before beeing initialized
2024-11-05 23:12:42,954 [FATAL] Updater:308 - Updater called before beeing initialized
2024-11-05 23:12:42,954 [FATAL] Updater:308 - Updater called before beeing initialized
2024-11-05 23:12:42,955 [WARN] DetailPanel:346 - Failed to get advertising image, set to default
2024-11-05 23:12:42,956 [FATAL] Updater:308 - Updater called before beeing initialized
2024-11-05 23:12:43,047 [ERROR] Updater:1120 - MainUpdater not yet initialized. External WinMGr cannot be set.
2024-11-05 23:12:43,060 [INFO] Updater:1056 - Updater Version found : 6.11.0
2024-11-05 23:12:43,086 [INFO] ApplicationProperties:184 - Using Application install path: C:\ST\STM32CubeIDE_1.15.0\STM32CubeIDE\plugins\com.st.stm32cube.common.mx_6.11.0.202403141607
2024-11-05 23:12:43,544 [INFO] MainUpdater:2873 - connection check result : 10
2024-11-05 23:12:43,545 [INFO] MainUpdater:290 - Updater Check For Update Now.
2024-11-05 23:12:43,545 [INFO] MicroXplorer:498 - Change Database Version : DB.6.0.110
2024-11-05 23:12:43,568 [INFO] McuFinderGlobals:63 - Set McuFinder mode to 2 (CubeIDE integrated)
2024-11-05 23:12:43,581 [INFO] UserAuth:415 - Internet connection configuration mode: 1
2024-11-05 23:12:43,620 [INFO] JxBrowserEngine:152 - Initiate JxBrowser Engine with user profile folder
2024-11-05 23:12:43,892 [INFO] CheckServerUpdateThread:120 - End of CheckServer Thread
2024-11-05 23:12:45,492 [WARN] PackLoader:240 - Cannot read IP mode file for STMicroelectronics.FP-SNS-MOTENVWB1.1.4.0
2024-11-05 23:12:45,522 [WARN] PackLoader:240 - Cannot read IP mode file for STMicroelectronics.X-CUBE-SMBUS.2.1.0
2024-11-05 23:12:45,549 [WARN] PackLoader:240 - Cannot read IP mode file for STMicroelectronics.X-CUBE-WB05N.1.1.0
2024-11-05 23:12:45,569 [WARN] PackLoader:240 - Cannot read IP mode file for STMicroelectronics.X-CUBE-TOUCHGFX.4.23.2
2024-11-05 23:12:45,657 [WARN] PackLoader:240 - Cannot read IP mode file for STMicroelectronics.X-CUBE-AZRTOS-F7.1.1.0
2024-11-05 23:12:45,830 [WARN] PackLoader:240 - Cannot read IP mode file for STMicroelectronics.X-CUBE-MEMS1.11.0.0
2024-11-05 23:12:46,245 [WARN] PackLoader:240 - Cannot read IP mode file for STMicroelectronics.FP-SNS-FLIGHT1.5.0.2
2024-11-05 23:12:46,272 [WARN] PackLoader:240 - Cannot read IP mode file for STMicroelectronics.X-CUBE-DISPLAY.3.0.0
2024-11-05 23:12:46,300 [WARN] PackLoader:240 - Cannot read IP mode file for STMicroelectronics.X-CUBE-BLE1.7.0.0
2024-11-05 23:12:46,327 [WARN] PackLoader:240 - Cannot read IP mode file for STMicroelectronics.X-CUBE-NFC10.1.0.0
2024-11-05 23:12:46,356 [WARN] PackLoader:240 - Cannot read IP mode file for emotas.I-CUBE-CANOPEN.1.3.0
2024-11-05 23:12:46,387 [WARN] PackLoader:240 - Cannot read IP mode file for STMicroelectronics.X-CUBE-BLEMGR.3.1.0
2024-11-05 23:12:46,414 [WARN] PackLoader:240 - Cannot read IP mode file for STMicroelectronics.FP-SNS-SMARTAG2.1.2.0
2024-11-05 23:12:46,452 [INFO] LogOutputStream:77 - [STDOUT_REDIRECT] 1 : Invalid condition id : UX_CORESTACK_Condition cause : null
2024-11-05 23:12:46,453 [INFO] LogOutputStream:77 - [STDOUT_REDIRECT] 1 : Invalid condition id : UX_CORESTACK_Condition cause : null
2024-11-05 23:12:46,455 [INFO] LogOutputStream:77 - [STDOUT_REDIRECT] 1 : Invalid condition id : UX_CORESTACK_Condition cause : null
2024-11-05 23:12:46,457 [INFO] LogOutputStream:77 - [STDOUT_REDIRECT] 1 : Invalid condition id : UX_CORESTACK_Condition cause : null
2024-11-05 23:12:46,460 [INFO] LogOutputStream:77 - [STDOUT_REDIRECT] 1 : Invalid condition id : UX_CORESTACK_Condition cause : null
2024-11-05 23:12:46,466 [WARN] PackLoader:240 - Cannot read IP mode file for STMicroelectronics.X-CUBE-AZRTOS-WL.2.0.0
2024-11-05 23:12:46,488 [WARN] PackLoader:240 - Cannot read IP mode file for wolfSSL.I-CUBE-wolfMQTT.1.19.0
2024-11-05 23:12:46,510 [WARN] PackLoader:240 - Cannot read IP mode file for WES.I-CUBE-Cesium.1.3.0
2024-11-05 23:12:46,531 [WARN] PackLoader:240 - Cannot read IP mode file for STMicroelectronics.X-CUBE-BLE2.3.3.0
2024-11-05 23:12:46,553 [WARN] PackLoader:240 - Cannot read IP mode file for STMicroelectronics.X-CUBE-NFC9.1.0.0
2024-11-05 23:12:46,574 [WARN] PackLoader:240 - Cannot read IP mode file for STMicroelectronics.X-CUBE-ALGOBUILD.1.3.0
2024-11-05 23:12:46,613 [WARN] PackLoader:240 - Cannot read IP mode file for STMicroelectronics.X-CUBE-AZRTOS-G0.1.1.0
2024-11-05 23:12:46,633 [WARN] PackLoader:240 - Cannot read IP mode file for STMicroelectronics.X-CUBE-NFC4.3.0.0
2024-11-05 23:12:46,664 [WARN] PackLoader:240 - Cannot read IP mode file for EmbeddedOffice.I-CUBE-FS-RTOS.1.0.1
2024-11-05 23:12:46,664 [ERROR] ConditionMgr:805 - Attr not supported : Dmpu
2024-11-05 23:12:46,665 [ERROR] ConditionMgr:805 - Attr not supported : Dmpu
2024-11-05 23:12:46,665 [ERROR] ConditionMgr:805 - Attr not supported : Dmpu
2024-11-05 23:12:46,665 [ERROR] ConditionMgr:805 - Attr not supported : Dmpu
2024-11-05 23:12:46,665 [ERROR] ConditionMgr:805 - Attr not supported : Dmpu
2024-11-05 23:12:46,665 [ERROR] ConditionMgr:805 - Attr not supported : Dmpu
2024-11-05 23:12:46,665 [ERROR] ConditionMgr:805 - Attr not supported : Dmpu
2024-11-05 23:12:46,666 [ERROR] ConditionMgr:805 - Attr not supported : Dmpu
2024-11-05 23:12:46,666 [ERROR] ConditionMgr:805 - Attr not supported : Dmpu
2024-11-05 23:12:46,666 [ERROR] ConditionMgr:805 - Attr not supported : Dmpu
2024-11-05 23:12:46,666 [ERROR] ConditionMgr:805 - Attr not supported : Dmpu
2024-11-05 23:12:46,666 [ERROR] ConditionMgr:805 - Attr not supported : Dmpu
2024-11-05 23:12:46,666 [ERROR] ConditionMgr:805 - Attr not supported : Dmpu
2024-11-05 23:12:46,666 [ERROR] ConditionMgr:805 - Attr not supported : Dmpu
2024-11-05 23:12:46,666 [ERROR] ConditionMgr:805 - Attr not supported : Dmpu
2024-11-05 23:12:46,666 [ERROR] ConditionMgr:805 - Attr not supported : Dmpu
2024-11-05 23:12:46,667 [ERROR] ConditionMgr:805 - Attr not supported : Dmpu
2024-11-05 23:12:46,667 [ERROR] ConditionMgr:805 - Attr not supported : Dmpu
2024-11-05 23:12:46,667 [ERROR] ConditionMgr:805 - Attr not supported : Dmpu
2024-11-05 23:12:46,667 [ERROR] ConditionMgr:805 - Attr not supported : Dmpu
2024-11-05 23:12:46,667 [ERROR] ConditionMgr:805 - Attr not supported : Dmpu
2024-11-05 23:12:46,667 [ERROR] ConditionMgr:805 - Attr not supported : Dmpu
2024-11-05 23:12:46,667 [ERROR] ConditionMgr:805 - Attr not supported : Dmpu
2024-11-05 23:12:46,667 [ERROR] ConditionMgr:805 - Attr not supported : Dmpu
2024-11-05 23:12:46,668 [ERROR] ConditionMgr:805 - Attr not supported : Dmpu
2024-11-05 23:12:46,668 [ERROR] ConditionMgr:805 - Attr not supported : Dmpu
2024-11-05 23:12:46,668 [ERROR] ConditionMgr:805 - Attr not supported : Dmpu
2024-11-05 23:12:46,668 [ERROR] ConditionMgr:805 - Attr not supported : Dmpu
2024-11-05 23:12:46,668 [ERROR] ConditionMgr:805 - Attr not supported : Dmpu
2024-11-05 23:12:46,668 [ERROR] ConditionMgr:805 - Attr not supported : Dmpu
2024-11-05 23:12:46,668 [ERROR] ConditionMgr:805 - Attr not supported : Dmpu
2024-11-05 23:12:46,668 [ERROR] ConditionMgr:805 - Attr not supported : Dmpu
2024-11-05 23:12:46,668 [ERROR] ConditionMgr:805 - Attr not supported : Dmpu
2024-11-05 23:12:46,668 [ERROR] ConditionMgr:805 - Attr not supported : Dmpu
2024-11-05 23:12:46,669 [ERROR] ConditionMgr:805 - Attr not supported : Dmpu
2024-11-05 23:12:46,669 [ERROR] ConditionMgr:805 - Attr not supported : Dmpu
2024-11-05 23:12:46,669 [ERROR] ConditionMgr:805 - Attr not supported : Dmpu
2024-11-05 23:12:46,669 [ERROR] ConditionMgr:805 - Attr not supported : Dmpu
2024-11-05 23:12:46,669 [ERROR] ConditionMgr:805 - Attr not supported : Dmpu
2024-11-05 23:12:46,669 [ERROR] ConditionMgr:805 - Attr not supported : Dmpu
2024-11-05 23:12:46,669 [ERROR] ConditionMgr:805 - Attr not supported : Dmpu
2024-11-05 23:12:46,669 [ERROR] ConditionMgr:805 - Attr not supported : Dmpu
2024-11-05 23:12:46,670 [ERROR] ConditionMgr:805 - Attr not supported : Dmpu
2024-11-05 23:12:46,670 [ERROR] ConditionMgr:805 - Attr not supported : Dmpu
2024-11-05 23:12:46,670 [ERROR] ConditionMgr:805 - Attr not supported : Dmpu
2024-11-05 23:12:46,670 [ERROR] ConditionMgr:805 - Attr not supported : Dmpu
2024-11-05 23:12:46,670 [ERROR] ConditionMgr:805 - Attr not supported : Dmpu
2024-11-05 23:12:46,670 [ERROR] ConditionMgr:805 - Attr not supported : Dmpu
2024-11-05 23:12:46,670 [ERROR] ConditionMgr:805 - Attr not supported : Dmpu
2024-11-05 23:12:46,670 [ERROR] ConditionMgr:805 - Attr not supported : Dmpu
2024-11-05 23:12:46,670 [ERROR] ConditionMgr:805 - Attr not supported : Dmpu
2024-11-05 23:12:46,670 [ERROR] ConditionMgr:805 - Attr not supported : Dmpu
2024-11-05 23:12:46,670 [ERROR] ConditionMgr:805 - Attr not supported : Dmpu
2024-11-05 23:12:46,671 [ERROR] ConditionMgr:805 - Attr not supported : Dmpu
2024-11-05 23:12:46,671 [ERROR] ConditionMgr:805 - Attr not supported : Dmpu
2024-11-05 23:12:46,671 [ERROR] ConditionMgr:805 - Attr not supported : Dmpu
2024-11-05 23:12:46,671 [ERROR] ConditionMgr:805 - Attr not supported : Dmpu
2024-11-05 23:12:46,671 [ERROR] ConditionMgr:805 - Attr not supported : Dmpu
2024-11-05 23:12:46,671 [ERROR] ConditionMgr:805 - Attr not supported : Dmpu
2024-11-05 23:12:46,671 [ERROR] ConditionMgr:805 - Attr not supported : Dmpu
2024-11-05 23:12:46,671 [ERROR] ConditionMgr:805 - Attr not supported : Dmpu
2024-11-05 23:12:46,672 [ERROR] ConditionMgr:805 - Attr not supported : Dmpu
2024-11-05 23:12:46,672 [ERROR] ConditionMgr:805 - Attr not supported : Dmpu
2024-11-05 23:12:46,672 [ERROR] ConditionMgr:805 - Attr not supported : Dmpu
2024-11-05 23:12:46,691 [WARN] PackLoader:240 - Cannot read IP mode file for RealThread.X-CUBE-RT-Thread_Nano.4.1.1
2024-11-05 23:12:46,708 [WARN] PackLoader:240 - Cannot read IP mode file for STMicroelectronics.FP-ATR-SIGFOX1.3.2.0
2024-11-05 23:12:46,736 [WARN] PackLoader:240 - Cannot read IP mode file for STMicroelectronics.X-CUBE-EEPRMA1.5.1.0
2024-11-05 23:12:46,767 [WARN] PackLoader:240 - Cannot read IP mode file for ITTIA_DB.I-CUBE-ITTIADB.8.9.0
2024-11-05 23:12:46,825 [WARN] PackLoader:240 - Cannot read IP mode file for SEGGER.I-CUBE-embOS.1.3.1
2024-11-05 23:12:46,918 [WARN] PackLoader:240 - Cannot read IP mode file for STMicroelectronics.X-CUBE-ALGOBUILD.1.4.0
2024-11-05 23:12:46,936 [WARN] PackLoader:240 - Cannot read IP mode file for STMicroelectronics.X-CUBE-AI.9.1.0
2024-11-05 23:12:46,954 [WARN] PackLoader:240 - Cannot read IP mode file for STMicroelectronics.X-CUBE-GNSS1.6.0.0
2024-11-05 23:12:46,991 [WARN] PackLoader:240 - Cannot read IP mode file for STMicroelectronics.X-CUBE-AZRTOS-F4.1.1.0
2024-11-05 23:12:47,014 [WARN] PackLoader:240 - Cannot read IP mode file for STMicroelectronics.X-CUBE-ISPU.2.1.0
2024-11-05 23:12:47,033 [WARN] PackLoader:240 - Cannot read IP mode file for STMicroelectronics.X-CUBE-FREERTOS.1.2.0
2024-11-05 23:12:47,083 [WARN] PackLoader:240 - Cannot read IP mode file for STMicroelectronics.X-CUBE-AZRTOS-L5.2.0.0
2024-11-05 23:12:47,119 [WARN] PackLoader:240 - Cannot read IP mode file for STMicroelectronics.X-CUBE-DPower.1.2.0
2024-11-05 23:12:47,154 [WARN] PackLoader:240 - Cannot read IP mode file for STMicroelectronics.X-CUBE-AI.9.0.0
2024-11-05 23:12:47,179 [WARN] PackLoader:240 - Cannot read IP mode file for STMicroelectronics.X-CUBE-NFC7.1.0.1
2024-11-05 23:12:47,203 [WARN] PackLoader:240 - Cannot read IP mode file for wolfSSL.I-CUBE-wolfTPM.3.2.0
2024-11-05 23:12:47,220 [WARN] PackLoader:240 - Cannot read IP mode file for STMicroelectronics.X-CUBE-AI.8.1.0
2024-11-05 23:12:47,266 [WARN] ConditionMgr:438 - getConditionDescription Invalid condition id : LAN8742 Phy interface Condition cause : null
2024-11-05 23:12:47,267 [WARN] PackLoader:240 - Cannot read IP mode file for STMicroelectronics.X-CUBE-AZRTOS-L4.2.0.0
2024-11-05 23:12:47,269 [WARN] ConditionMgr:1039 - genDependencies : Invalid condition id : LAN8742 Phy interface Condition cause : null
2024-11-05 23:12:47,270 [WARN] ConditionMgr:1039 - genDependencies : Invalid condition id : LAN8742 Phy interface Condition cause : null
2024-11-05 23:12:47,271 [WARN] ConditionMgr:1039 - genDependencies : Invalid condition id : LAN8742 Phy interface Condition cause : null
2024-11-05 23:12:47,303 [WARN] PackLoader:240 - Cannot read IP mode file for STMicroelectronics.X-CUBE-SFXS2LP1.4.0.0
2024-11-05 23:12:47,361 [WARN] PackLoader:240 - Cannot read IP mode file for STMicroelectronics.X-CUBE-AZRTOS-H7.3.3.0
2024-11-05 23:12:47,396 [WARN] PackLoader:240 - Cannot read IP mode file for STMicroelectronics.X-CUBE-IPS.3.0.0
2024-11-05 23:12:47,432 [WARN] ConditionMgr:438 - getConditionDescription Invalid condition id : UX DEVICE CLASS RTOS Condition cause : null
2024-11-05 23:12:47,432 [WARN] ConditionMgr:438 - getConditionDescription Invalid condition id : UX DEVICE CLASS RTOS Condition cause : null
2024-11-05 23:12:47,435 [WARN] PackLoader:240 - Cannot read IP mode file for STMicroelectronics.X-CUBE-AZRTOS-WB.2.0.0
2024-11-05 23:12:47,436 [WARN] ConditionMgr:1039 - genDependencies : Invalid condition id : UX DEVICE CLASS RTOS Condition cause : null
2024-11-05 23:12:47,436 [WARN] ConditionMgr:1039 - genDependencies : Invalid condition id : UX DEVICE CLASS RTOS Condition cause : null
2024-11-05 23:12:47,436 [WARN] ConditionMgr:1039 - genDependencies : Invalid condition id : UX DEVICE CLASS RTOS Condition cause : null
2024-11-05 23:12:47,437 [WARN] ConditionMgr:1039 - genDependencies : Invalid condition id : UX DEVICE CLASS RTOS Condition cause : null
2024-11-05 23:12:47,437 [WARN] ConditionMgr:1039 - genDependencies : Invalid condition id : UX DEVICE CLASS RTOS Condition cause : null
2024-11-05 23:12:47,460 [WARN] PackLoader:240 - Cannot read IP mode file for STMicroelectronics.X-CUBE-GNSS1.7.0.0
2024-11-05 23:12:47,484 [WARN] PackLoader:240 - Cannot read IP mode file for STMicroelectronics.FP-SNS-STBOX1.2.0.0
2024-11-05 23:12:47,513 [WARN] PackLoader:240 - Cannot read IP mode file for STMicroelectronics.X-CUBE-SUBG2.5.0.0
2024-11-05 23:12:47,538 [WARN] PackLoader:240 - Cannot read IP mode file for Cesanta.I-CUBE-Mongoose.7.13.0
2024-11-05 23:12:47,571 [WARN] PackLoader:240 - Cannot read IP mode file for STMicroelectronics.X-CUBE-AZRTOS-G4.2.0.0
2024-11-05 23:12:47,587 [WARN] PackLoader:240 - Cannot read IP mode file for STMicroelectronics.FP-SNS-MOTENVWB1.1.3.1
2024-11-05 23:12:47,609 [WARN] PackLoader:240 - Cannot read IP mode file for STMicroelectronics.X-CUBE-ISPU.2.0.0
2024-11-05 23:12:47,630 [WARN] PackLoader:240 - Cannot read IP mode file for STMicroelectronics.X-CUBE-ALS.1.0.2
2024-11-05 23:12:47,714 [WARN] PackLoader:240 - Cannot read IP mode file for STMicroelectronics.X-CUBE-MEMS1.10.0.0
2024-11-05 23:12:47,848 [WARN] PackLoader:240 - Cannot read IP mode file for STMicroelectronics.X-CUBE-FREERTOS.1.1.0
2024-11-05 23:12:47,864 [WARN] PackLoader:240 - Cannot read IP mode file for STMicroelectronics.X-CUBE-TOUCHGFX.4.24.0
2024-11-05 23:12:47,881 [WARN] PackLoader:240 - Cannot read IP mode file for STMicroelectronics.X-CUBE-TOUCHGFX.4.24.1
2024-11-05 23:12:47,903 [WARN] PackLoader:240 - Cannot read IP mode file for portGmbH.I-Cube-SoM-uGOAL.1.1.0
2024-11-05 23:12:47,921 [WARN] PackLoader:240 - Cannot read IP mode file for STMicroelectronics.X-CUBE-ALS.1.0.1
2024-11-05 23:12:47,969 [WARN] PackLoader:240 - Cannot read IP mode file for STMicroelectronics.X-CUBE-AZRTOS-H7RS.1.0.0
2024-11-05 23:12:47,993 [WARN] PackLoader:240 - Cannot read IP mode file for STMicroelectronics.FP-ATR-ASTRA1.2.0.0
2024-11-05 23:12:48,022 [WARN] PackLoader:240 - Cannot read IP mode file for STMicroelectronics.X-CUBE-TOF1.3.4.2
2024-11-05 23:12:48,065 [WARN] PackLoader:240 - Cannot read IP mode file for STMicroelectronics.X-CUBE-TOF1.3.4.1
2024-11-05 23:12:48,118 [WARN] PackLoader:240 - Cannot read IP mode file for STMicroelectronics.X-CUBE-AZRTOS-H7.3.2.0
2024-11-05 23:12:48,171 [WARN] PackLoader:240 - Cannot read IP mode file for Infineon.AIROC-Wi-Fi-Bluetooth-STM32.1.6.0
2024-11-05 23:12:48,183 [WARN] PackLoader:240 - Cannot read IP mode file for wolfSSL.I-CUBE-wolfSSH.1.4.17
2024-11-05 23:12:48,184 [INFO] ThirdParty:978 - Integrity check success = true
2024-11-05 23:12:48,184 [INFO] IntegrityCheckThread:100 - exiting critical section [integrity check]
2024-11-05 23:12:48,184 [INFO] IntegrityCheckThread:103 - End integrity checks thread
2024-11-05 23:12:55,035 [INFO] WebApp:161 - Instantiating new browser for Auth
2024-11-05 23:12:55,981 [INFO] WebApp:779 - Register for checkConnection events
2024-11-05 23:12:55,981 [INFO] WebApp:414 - Apply proxy settings
2024-11-05 23:12:55,981 [INFO] WebApp:499 - Chromium requires no authentication
2024-11-05 23:12:55,993 [INFO] WebApp:442 - Direct internet connection detected
2024-11-05 23:12:56,286 [INFO] WebApp:192 - Starting web application
2024-11-05 23:12:56,286 [INFO] WebApp:544 - Web application path used C:\ST\STM32CubeIDE_1.15.0\STM32CubeIDE\plugins\com.st.stm32cube.common.mx_6.11.0.202403141607\db\plugins\mcufinder\reactClient1\index.html
